<?xml version="1.0" encoding="UTF-8"?>
<testsuite xmlns:xsi="http://www.w3.org/2001/XMLSchema-instance" xsi:noNamespaceSchemaLocation="https://maven.apache.org/surefire/maven-surefire-plugin/xsd/surefire-test-report.xsd" name="com.tus.musicapp.test.selenium.SpotifyConnectionTest" time="16.564" tests="1" errors="1" skipped="0" failures="0">
  <properties>
    <property name="java.specification.version" value="17"/>
    <property name="sun.cpu.isalist" value="amd64"/>
    <property name="sun.jnu.encoding" value="Cp1252"/>
    <property name="java.class.path" value="C:\Program Files\Git\repos\Project_MusicApp\musicapp\target\test-classes;C:\Program Files\Git\repos\Project_MusicApp\musicapp\target\classes;C:\Users\ohsev\.m2\repository\org\springframework\boot\spring-boot-starter-actuator\2.7.16\spring-boot-starter-actuator-2.7.16.jar;C:\Users\ohsev\.m2\repository\org\springframework\boot\spring-boot-starter\2.7.16\spring-boot-starter-2.7.16.jar;C:\Users\ohsev\.m2\repository\org\springframework\boot\spring-boot\2.7.16\spring-boot-2.7.16.jar;C:\Users\ohsev\.m2\repository\org\springframework\boot\spring-boot-autoconfigure\2.7.16\spring-boot-autoconfigure-2.7.16.jar;C:\Users\ohsev\.m2\repository\org\springframework\boot\spring-boot-starter-logging\2.7.16\spring-boot-starter-logging-2.7.16.jar;C:\Users\ohsev\.m2\repository\org\apache\logging\log4j\log4j-to-slf4j\2.17.2\log4j-to-slf4j-2.17.2.jar;C:\Users\ohsev\.m2\repository\org\slf4j\jul-to-slf4j\1.7.36\jul-to-slf4j-1.7.36.jar;C:\Users\ohsev\.m2\repository\jakarta\annotation\jakarta.annotation-api\1.3.5\jakarta.annotation-api-1.3.5.jar;C:\Users\ohsev\.m2\repository\org\yaml\snakeyaml\1.30\snakeyaml-1.30.jar;C:\Users\ohsev\.m2\repository\org\springframework\boot\spring-boot-actuator-autoconfigure\2.7.16\spring-boot-actuator-autoconfigure-2.7.16.jar;C:\Users\ohsev\.m2\repository\org\springframework\boot\spring-boot-actuator\2.7.16\spring-boot-actuator-2.7.16.jar;C:\Users\ohsev\.m2\repository\com\fasterxml\jackson\datatype\jackson-datatype-jsr310\2.13.5\jackson-datatype-jsr310-2.13.5.jar;C:\Users\ohsev\.m2\repository\io\micrometer\micrometer-core\1.9.15\micrometer-core-1.9.15.jar;C:\Users\ohsev\.m2\repository\org\hdrhistogram\HdrHistogram\2.1.12\HdrHistogram-2.1.12.jar;C:\Users\ohsev\.m2\repository\org\latencyutils\LatencyUtils\2.0.3\LatencyUtils-2.0.3.jar;C:\Users\ohsev\.m2\repository\org\springframework\boot\spring-boot-starter-data-jpa\2.7.16\spring-boot-starter-data-jpa-2.7.16.jar;C:\Users\ohsev\.m2\repository\org\springframework\boot\spring-boot-starter-aop\2.7.16\spring-boot-starter-aop-2.7.16.jar;C:\Users\ohsev\.m2\repository\org\aspectj\aspectjweaver\1.9.7\aspectjweaver-1.9.7.jar;C:\Users\ohsev\.m2\repository\org\springframework\boot\spring-boot-starter-jdbc\2.7.16\spring-boot-starter-jdbc-2.7.16.jar;C:\Users\ohsev\.m2\repository\com\zaxxer\HikariCP\4.0.3\HikariCP-4.0.3.jar;C:\Users\ohsev\.m2\repository\org\springframework\spring-jdbc\5.3.30\spring-jdbc-5.3.30.jar;C:\Users\ohsev\.m2\repository\jakarta\transaction\jakarta.transaction-api\1.3.3\jakarta.transaction-api-1.3.3.jar;C:\Users\ohsev\.m2\repository\jakarta\persistence\jakarta.persistence-api\2.2.3\jakarta.persistence-api-2.2.3.jar;C:\Users\ohsev\.m2\repository\org\hibernate\hibernate-core\5.6.15.Final\hibernate-core-5.6.15.Final.jar;C:\Users\ohsev\.m2\repository\org\jboss\logging\jboss-logging\3.4.3.Final\jboss-logging-3.4.3.Final.jar;C:\Users\ohsev\.m2\repository\net\bytebuddy\byte-buddy\1.12.23\byte-buddy-1.12.23.jar;C:\Users\ohsev\.m2\repository\antlr\antlr\2.7.7\antlr-2.7.7.jar;C:\Users\ohsev\.m2\repository\org\jboss\jandex\2.4.2.Final\jandex-2.4.2.Final.jar;C:\Users\ohsev\.m2\repository\com\fasterxml\classmate\1.5.1\classmate-1.5.1.jar;C:\Users\ohsev\.m2\repository\org\hibernate\common\hibernate-commons-annotations\5.1.2.Final\hibernate-commons-annotations-5.1.2.Final.jar;C:\Users\ohsev\.m2\repository\org\glassfish\jaxb\jaxb-runtime\2.3.8\jaxb-runtime-2.3.8.jar;C:\Users\ohsev\.m2\repository\org\glassfish\jaxb\txw2\2.3.8\txw2-2.3.8.jar;C:\Users\ohsev\.m2\repository\com\sun\istack\istack-commons-runtime\3.0.12\istack-commons-runtime-3.0.12.jar;C:\Users\ohsev\.m2\repository\com\sun\activation\jakarta.activation\1.2.2\jakarta.activation-1.2.2.jar;C:\Users\ohsev\.m2\repository\org\springframework\data\spring-data-jpa\2.7.16\spring-data-jpa-2.7.16.jar;C:\Users\ohsev\.m2\repository\org\springframework\data\spring-data-commons\2.7.16\spring-data-commons-2.7.16.jar;C:\Users\ohsev\.m2\repository\org\springframework\spring-orm\5.3.30\spring-orm-5.3.30.jar;C:\Users\ohsev\.m2\repository\org\springframework\spring-context\5.3.30\spring-context-5.3.30.jar;C:\Users\ohsev\.m2\repository\org\springframework\spring-tx\5.3.30\spring-tx-5.3.30.jar;C:\Users\ohsev\.m2\repository\org\springframework\spring-beans\5.3.30\spring-beans-5.3.30.jar;C:\Users\ohsev\.m2\repository\org\springframework\spring-aspects\5.3.30\spring-aspects-5.3.30.jar;C:\Users\ohsev\.m2\repository\org\springframework\boot\spring-boot-starter-web\2.7.16\spring-boot-starter-web-2.7.16.jar;C:\Users\ohsev\.m2\repository\org\springframework\boot\spring-boot-starter-json\2.7.16\spring-boot-starter-json-2.7.16.jar;C:\Users\ohsev\.m2\repository\com\fasterxml\jackson\datatype\jackson-datatype-jdk8\2.13.5\jackson-datatype-jdk8-2.13.5.jar;C:\Users\ohsev\.m2\repository\com\fasterxml\jackson\module\jackson-module-parameter-names\2.13.5\jackson-module-parameter-names-2.13.5.jar;C:\Users\ohsev\.m2\repository\org\springframework\boot\spring-boot-starter-tomcat\2.7.16\spring-boot-starter-tomcat-2.7.16.jar;C:\Users\ohsev\.m2\repository\org\apache\tomcat\embed\tomcat-embed-core\9.0.80\tomcat-embed-core-9.0.80.jar;C:\Users\ohsev\.m2\repository\org\apache\tomcat\embed\tomcat-embed-websocket\9.0.80\tomcat-embed-websocket-9.0.80.jar;C:\Users\ohsev\.m2\repository\org\springframework\spring-web\5.3.30\spring-web-5.3.30.jar;C:\Users\ohsev\.m2\repository\org\springframework\spring-webmvc\5.3.30\spring-webmvc-5.3.30.jar;C:\Users\ohsev\.m2\repository\org\springframework\spring-expression\5.3.30\spring-expression-5.3.30.jar;C:\Users\ohsev\.m2\repository\com\h2database\h2\2.1.214\h2-2.1.214.jar;C:\Users\ohsev\.m2\repository\org\springframework\boot\spring-boot-starter-test\2.7.16\spring-boot-starter-test-2.7.16.jar;C:\Users\ohsev\.m2\repository\org\springframework\boot\spring-boot-test\2.7.16\spring-boot-test-2.7.16.jar;C:\Users\ohsev\.m2\repository\org\springframework\boot\spring-boot-test-autoconfigure\2.7.16\spring-boot-test-autoconfigure-2.7.16.jar;C:\Users\ohsev\.m2\repository\com\jayway\jsonpath\json-path\2.7.0\json-path-2.7.0.jar;C:\Users\ohsev\.m2\repository\net\minidev\json-smart\2.4.11\json-smart-2.4.11.jar;C:\Users\ohsev\.m2\repository\net\minidev\accessors-smart\2.4.11\accessors-smart-2.4.11.jar;C:\Users\ohsev\.m2\repository\org\ow2\asm\asm\9.3\asm-9.3.jar;C:\Users\ohsev\.m2\repository\jakarta\xml\bind\jakarta.xml.bind-api\2.3.3\jakarta.xml.bind-api-2.3.3.jar;C:\Users\ohsev\.m2\repository\jakarta\activation\jakarta.activation-api\1.2.2\jakarta.activation-api-1.2.2.jar;C:\Users\ohsev\.m2\repository\org\assertj\assertj-core\3.22.0\assertj-core-3.22.0.jar;C:\Users\ohsev\.m2\repository\org\hamcrest\hamcrest\2.2\hamcrest-2.2.jar;C:\Users\ohsev\.m2\repository\org\mockito\mockito-core\4.5.1\mockito-core-4.5.1.jar;C:\Users\ohsev\.m2\repository\net\bytebuddy\byte-buddy-agent\1.12.23\byte-buddy-agent-1.12.23.jar;C:\Users\ohsev\.m2\repository\org\objenesis\objenesis\3.2\objenesis-3.2.jar;C:\Users\ohsev\.m2\repository\org\mockito\mockito-junit-jupiter\4.5.1\mockito-junit-jupiter-4.5.1.jar;C:\Users\ohsev\.m2\repository\org\skyscreamer\jsonassert\1.5.1\jsonassert-1.5.1.jar;C:\Users\ohsev\.m2\repository\com\vaadin\external\google\android-json\0.0.20131108.vaadin1\android-json-0.0.20131108.vaadin1.jar;C:\Users\ohsev\.m2\repository\org\springframework\spring-core\5.3.30\spring-core-5.3.30.jar;C:\Users\ohsev\.m2\repository\org\springframework\spring-jcl\5.3.30\spring-jcl-5.3.30.jar;C:\Users\ohsev\.m2\repository\org\springframework\spring-test\5.3.30\spring-test-5.3.30.jar;C:\Users\ohsev\.m2\repository\org\xmlunit\xmlunit-core\2.9.1\xmlunit-core-2.9.1.jar;C:\Users\ohsev\.m2\repository\org\apache\poi\poi\5.2.3\poi-5.2.3.jar;C:\Users\ohsev\.m2\repository\commons-codec\commons-codec\1.15\commons-codec-1.15.jar;C:\Users\ohsev\.m2\repository\org\apache\commons\commons-collections4\4.4\commons-collections4-4.4.jar;C:\Users\ohsev\.m2\repository\org\apache\commons\commons-math3\3.6.1\commons-math3-3.6.1.jar;C:\Users\ohsev\.m2\repository\commons-io\commons-io\2.11.0\commons-io-2.11.0.jar;C:\Users\ohsev\.m2\repository\com\zaxxer\SparseBitSet\1.2\SparseBitSet-1.2.jar;C:\Users\ohsev\.m2\repository\org\apache\logging\log4j\log4j-api\2.17.2\log4j-api-2.17.2.jar;C:\Users\ohsev\.m2\repository\org\apache\poi\poi-ooxml\5.2.3\poi-ooxml-5.2.3.jar;C:\Users\ohsev\.m2\repository\org\apache\poi\poi-ooxml-lite\5.2.3\poi-ooxml-lite-5.2.3.jar;C:\Users\ohsev\.m2\repository\org\apache\xmlbeans\xmlbeans\5.1.1\xmlbeans-5.1.1.jar;C:\Users\ohsev\.m2\repository\org\apache\commons\commons-compress\1.21\commons-compress-1.21.jar;C:\Users\ohsev\.m2\repository\com\github\virtuald\curvesapi\1.07\curvesapi-1.07.jar;C:\Users\ohsev\.m2\repository\io\cucumber\cucumber-java\7.20.0\cucumber-java-7.20.0.jar;C:\Users\ohsev\.m2\repository\io\cucumber\cucumber-core\7.20.0\cucumber-core-7.20.0.jar;C:\Users\ohsev\.m2\repository\io\cucumber\cucumber-gherkin\7.20.0\cucumber-gherkin-7.20.0.jar;C:\Users\ohsev\.m2\repository\io\cucumber\cucumber-gherkin-messages\7.20.0\cucumber-gherkin-messages-7.20.0.jar;C:\Users\ohsev\.m2\repository\io\cucumber\gherkin\28.0.0\gherkin-28.0.0.jar;C:\Users\ohsev\.m2\repository\io\cucumber\messages\24.1.0\messages-24.1.0.jar;C:\Users\ohsev\.m2\repository\io\cucumber\testng-xml-formatter\0.2.0\testng-xml-formatter-0.2.0.jar;C:\Users\ohsev\.m2\repository\io\cucumber\query\12.2.0\query-12.2.0.jar;C:\Users\ohsev\.m2\repository\io\cucumber\tag-expressions\6.1.0\tag-expressions-6.1.0.jar;C:\Users\ohsev\.m2\repository\io\cucumber\cucumber-expressions\17.1.0\cucumber-expressions-17.1.0.jar;C:\Users\ohsev\.m2\repository\io\cucumber\datatable\7.20.0\datatable-7.20.0.jar;C:\Users\ohsev\.m2\repository\io\cucumber\cucumber-plugin\7.20.0\cucumber-plugin-7.20.0.jar;C:\Users\ohsev\.m2\repository\io\cucumber\docstring\7.20.0\docstring-7.20.0.jar;C:\Users\ohsev\.m2\repository\io\cucumber\html-formatter\21.7.0\html-formatter-21.7.0.jar;C:\Users\ohsev\.m2\repository\io\cucumber\junit-xml-formatter\0.5.0\junit-xml-formatter-0.5.0.jar;C:\Users\ohsev\.m2\repository\io\cucumber\ci-environment\10.0.1\ci-environment-10.0.1.jar;C:\Users\ohsev\.m2\repository\org\apiguardian\apiguardian-api\1.1.2\apiguardian-api-1.1.2.jar;C:\Users\ohsev\.m2\repository\io\cucumber\cucumber-junit\7.20.0\cucumber-junit-7.20.0.jar;C:\Users\ohsev\.m2\repository\junit\junit\4.13.2\junit-4.13.2.jar;C:\Users\ohsev\.m2\repository\org\hamcrest\hamcrest-core\2.2\hamcrest-core-2.2.jar;C:\Users\ohsev\.m2\repository\io\cucumber\cucumber-junit-platform-engine\7.20.0\cucumber-junit-platform-engine-7.20.0.jar;C:\Users\ohsev\.m2\repository\org\junit\jupiter\junit-jupiter\5.8.2\junit-jupiter-5.8.2.jar;C:\Users\ohsev\.m2\repository\org\junit\jupiter\junit-jupiter-api\5.8.2\junit-jupiter-api-5.8.2.jar;C:\Users\ohsev\.m2\repository\org\opentest4j\opentest4j\1.2.0\opentest4j-1.2.0.jar;C:\Users\ohsev\.m2\repository\org\junit\jupiter\junit-jupiter-engine\5.8.2\junit-jupiter-engine-5.8.2.jar;C:\Users\ohsev\.m2\repository\org\junit\jupiter\junit-jupiter-params\5.8.2\junit-jupiter-params-5.8.2.jar;C:\Users\ohsev\.m2\repository\org\junit\platform\junit-platform-commons\1.8.2\junit-platform-commons-1.8.2.jar;C:\Users\ohsev\.m2\repository\org\junit\platform\junit-platform-engine\1.8.2\junit-platform-engine-1.8.2.jar;C:\Users\ohsev\.m2\repository\org\junit\platform\junit-platform-suite\1.8.2\junit-platform-suite-1.8.2.jar;C:\Users\ohsev\.m2\repository\org\junit\platform\junit-platform-suite-api\1.8.2\junit-platform-suite-api-1.8.2.jar;C:\Users\ohsev\.m2\repository\org\junit\platform\junit-platform-suite-engine\1.8.2\junit-platform-suite-engine-1.8.2.jar;C:\Users\ohsev\.m2\repository\org\junit\platform\junit-platform-suite-commons\1.8.2\junit-platform-suite-commons-1.8.2.jar;C:\Users\ohsev\.m2\repository\org\junit\platform\junit-platform-launcher\1.8.2\junit-platform-launcher-1.8.2.jar;C:\Users\ohsev\.m2\repository\org\springframework\boot\spring-boot-starter-security\2.7.16\spring-boot-starter-security-2.7.16.jar;C:\Users\ohsev\.m2\repository\org\springframework\spring-aop\5.3.30\spring-aop-5.3.30.jar;C:\Users\ohsev\.m2\repository\org\springframework\security\spring-security-config\5.7.11\spring-security-config-5.7.11.jar;C:\Users\ohsev\.m2\repository\org\springframework\security\spring-security-web\5.7.11\spring-security-web-5.7.11.jar;C:\Users\ohsev\.m2\repository\io\jsonwebtoken\jjwt\0.9.1\jjwt-0.9.1.jar;C:\Users\ohsev\.m2\repository\com\fasterxml\jackson\core\jackson-databind\2.13.5\jackson-databind-2.13.5.jar;C:\Users\ohsev\.m2\repository\com\fasterxml\jackson\core\jackson-annotations\2.13.5\jackson-annotations-2.13.5.jar;C:\Users\ohsev\.m2\repository\com\fasterxml\jackson\core\jackson-core\2.13.5\jackson-core-2.13.5.jar;C:\Users\ohsev\.m2\repository\org\projectlombok\lombok\1.18.36\lombok-1.18.36.jar;C:\Users\ohsev\.m2\repository\org\springframework\security\spring-security-test\5.7.5\spring-security-test-5.7.5.jar;C:\Users\ohsev\.m2\repository\org\springframework\security\spring-security-core\5.7.11\spring-security-core-5.7.11.jar;C:\Users\ohsev\.m2\repository\org\springframework\security\spring-security-crypto\5.7.11\spring-security-crypto-5.7.11.jar;C:\Users\ohsev\.m2\repository\org\seleniumhq\selenium\selenium-java\4.12.1\selenium-java-4.12.1.jar;C:\Users\ohsev\.m2\repository\org\seleniumhq\selenium\selenium-api\4.1.4\selenium-api-4.1.4.jar;C:\Users\ohsev\.m2\repository\org\seleniumhq\selenium\selenium-chrome-driver\4.1.4\selenium-chrome-driver-4.1.4.jar;C:\Users\ohsev\.m2\repository\com\google\auto\service\auto-service-annotations\1.0.1\auto-service-annotations-1.0.1.jar;C:\Users\ohsev\.m2\repository\com\google\auto\service\auto-service\1.0.1\auto-service-1.0.1.jar;C:\Users\ohsev\.m2\repository\com\google\auto\auto-common\1.2\auto-common-1.2.jar;C:\Users\ohsev\.m2\repository\com\google\guava\guava\31.1-jre\guava-31.1-jre.jar;C:\Users\ohsev\.m2\repository\com\google\guava\failureaccess\1.0.1\failureaccess-1.0.1.jar;C:\Users\ohsev\.m2\repository\com\google\guava\listenablefuture\9999.0-empty-to-avoid-conflict-with-guava\listenablefuture-9999.0-empty-to-avoid-conflict-with-guava.jar;C:\Users\ohsev\.m2\repository\com\google\code\findbugs\jsr305\3.0.2\jsr305-3.0.2.jar;C:\Users\ohsev\.m2\repository\org\checkerframework\checker-qual\3.12.0\checker-qual-3.12.0.jar;C:\Users\ohsev\.m2\repository\com\google\errorprone\error_prone_annotations\2.11.0\error_prone_annotations-2.11.0.jar;C:\Users\ohsev\.m2\repository\com\google\j2objc\j2objc-annotations\1.3\j2objc-annotations-1.3.jar;C:\Users\ohsev\.m2\repository\org\seleniumhq\selenium\selenium-chromium-driver\4.1.4\selenium-chromium-driver-4.1.4.jar;C:\Users\ohsev\.m2\repository\org\seleniumhq\selenium\selenium-json\4.1.4\selenium-json-4.1.4.jar;C:\Users\ohsev\.m2\repository\org\seleniumhq\selenium\selenium-devtools-v114\4.12.1\selenium-devtools-v114-4.12.1.jar;C:\Users\ohsev\.m2\repository\org\seleniumhq\selenium\selenium-devtools-v115\4.12.1\selenium-devtools-v115-4.12.1.jar;C:\Users\ohsev\.m2\repository\org\seleniumhq\selenium\selenium-devtools-v116\4.12.1\selenium-devtools-v116-4.12.1.jar;C:\Users\ohsev\.m2\repository\org\seleniumhq\selenium\selenium-devtools-v85\4.1.4\selenium-devtools-v85-4.1.4.jar;C:\Users\ohsev\.m2\repository\org\seleniumhq\selenium\selenium-edge-driver\4.1.4\selenium-edge-driver-4.1.4.jar;C:\Users\ohsev\.m2\repository\org\seleniumhq\selenium\selenium-firefox-driver\4.1.4\selenium-firefox-driver-4.1.4.jar;C:\Users\ohsev\.m2\repository\org\seleniumhq\selenium\selenium-ie-driver\4.1.4\selenium-ie-driver-4.1.4.jar;C:\Users\ohsev\.m2\repository\org\seleniumhq\selenium\selenium-remote-driver\4.1.4\selenium-remote-driver-4.1.4.jar;C:\Users\ohsev\.m2\repository\com\beust\jcommander\1.82\jcommander-1.82.jar;C:\Users\ohsev\.m2\repository\io\netty\netty-buffer\4.1.97.Final\netty-buffer-4.1.97.Final.jar;C:\Users\ohsev\.m2\repository\io\netty\netty-codec-http\4.1.97.Final\netty-codec-http-4.1.97.Final.jar;C:\Users\ohsev\.m2\repository\io\netty\netty-codec\4.1.97.Final\netty-codec-4.1.97.Final.jar;C:\Users\ohsev\.m2\repository\io\netty\netty-handler\4.1.97.Final\netty-handler-4.1.97.Final.jar;C:\Users\ohsev\.m2\repository\io\netty\netty-common\4.1.97.Final\netty-common-4.1.97.Final.jar;C:\Users\ohsev\.m2\repository\io\netty\netty-transport-classes-epoll\4.1.97.Final\netty-transport-classes-epoll-4.1.97.Final.jar;C:\Users\ohsev\.m2\repository\io\netty\netty-transport-classes-kqueue\4.1.97.Final\netty-transport-classes-kqueue-4.1.97.Final.jar;C:\Users\ohsev\.m2\repository\io\netty\netty-transport-native-epoll\4.1.97.Final\netty-transport-native-epoll-4.1.97.Final.jar;C:\Users\ohsev\.m2\repository\io\netty\netty-transport-native-kqueue\4.1.97.Final\netty-transport-native-kqueue-4.1.97.Final.jar;C:\Users\ohsev\.m2\repository\io\netty\netty-transport-native-unix-common\4.1.97.Final\netty-transport-native-unix-common-4.1.97.Final.jar;C:\Users\ohsev\.m2\repository\io\netty\netty-transport\4.1.97.Final\netty-transport-4.1.97.Final.jar;C:\Users\ohsev\.m2\repository\io\netty\netty-resolver\4.1.97.Final\netty-resolver-4.1.97.Final.jar;C:\Users\ohsev\.m2\repository\io\opentelemetry\opentelemetry-api\1.13.0\opentelemetry-api-1.13.0.jar;C:\Users\ohsev\.m2\repository\io\opentelemetry\opentelemetry-context\1.13.0\opentelemetry-context-1.13.0.jar;C:\Users\ohsev\.m2\repository\io\opentelemetry\opentelemetry-exporter-logging\1.13.0\opentelemetry-exporter-logging-1.13.0.jar;C:\Users\ohsev\.m2\repository\io\opentelemetry\opentelemetry-sdk-metrics\1.13.0-alpha\opentelemetry-sdk-metrics-1.13.0-alpha.jar;C:\Users\ohsev\.m2\repository\io\opentelemetry\opentelemetry-sdk-logs\1.13.0-alpha\opentelemetry-sdk-logs-1.13.0-alpha.jar;C:\Users\ohsev\.m2\repository\io\opentelemetry\opentelemetry-sdk-common\1.13.0\opentelemetry-sdk-common-1.13.0.jar;C:\Users\ohsev\.m2\repository\io\opentelemetry\opentelemetry-sdk-extension-autoconfigure-spi\1.13.0\opentelemetry-sdk-extension-autoconfigure-spi-1.13.0.jar;C:\Users\ohsev\.m2\repository\io\opentelemetry\opentelemetry-sdk-extension-autoconfigure\1.13.0-alpha\opentelemetry-sdk-extension-autoconfigure-1.13.0-alpha.jar;C:\Users\ohsev\.m2\repository\io\opentelemetry\opentelemetry-sdk-trace\1.13.0\opentelemetry-sdk-trace-1.13.0.jar;C:\Users\ohsev\.m2\repository\io\opentelemetry\opentelemetry-sdk\1.13.0\opentelemetry-sdk-1.13.0.jar;C:\Users\ohsev\.m2\repository\io\opentelemetry\opentelemetry-semconv\1.13.0-alpha\opentelemetry-semconv-1.13.0-alpha.jar;C:\Users\ohsev\.m2\repository\io\ous\jtoml\2.0.0\jtoml-2.0.0.jar;C:\Users\ohsev\.m2\repository\org\apache\commons\commons-exec\1.3\commons-exec-1.3.jar;C:\Users\ohsev\.m2\repository\org\asynchttpclient\async-http-client\2.12.3\async-http-client-2.12.3.jar;C:\Users\ohsev\.m2\repository\org\asynchttpclient\async-http-client-netty-utils\2.12.3\async-http-client-netty-utils-2.12.3.jar;C:\Users\ohsev\.m2\repository\io\netty\netty-codec-socks\4.1.97.Final\netty-codec-socks-4.1.97.Final.jar;C:\Users\ohsev\.m2\repository\io\netty\netty-handler-proxy\4.1.97.Final\netty-handler-proxy-4.1.97.Final.jar;C:\Users\ohsev\.m2\repository\io\netty\netty-transport-native-epoll\4.1.97.Final\netty-transport-native-epoll-4.1.97.Final-linux-x86_64.jar;C:\Users\ohsev\.m2\repository\io\netty\netty-transport-native-kqueue\4.1.97.Final\netty-transport-native-kqueue-4.1.97.Final-osx-x86_64.jar;C:\Users\ohsev\.m2\repository\org\reactivestreams\reactive-streams\1.0.4\reactive-streams-1.0.4.jar;C:\Users\ohsev\.m2\repository\com\typesafe\netty\netty-reactive-streams\2.0.4\netty-reactive-streams-2.0.4.jar;C:\Users\ohsev\.m2\repository\org\seleniumhq\selenium\selenium-http\4.1.4\selenium-http-4.1.4.jar;C:\Users\ohsev\.m2\repository\dev\failsafe\failsafe\3.2.3\failsafe-3.2.3.jar;C:\Users\ohsev\.m2\repository\org\seleniumhq\selenium\selenium-safari-driver\4.1.4\selenium-safari-driver-4.1.4.jar;C:\Users\ohsev\.m2\repository\org\seleniumhq\selenium\selenium-support\4.1.4\selenium-support-4.1.4.jar;C:\Users\ohsev\.m2\repository\io\github\bonigarcia\webdrivermanager\5.7.0\webdrivermanager-5.7.0.jar;C:\Users\ohsev\.m2\repository\org\slf4j\slf4j-api\1.7.36\slf4j-api-1.7.36.jar;C:\Users\ohsev\.m2\repository\com\google\code\gson\gson\2.9.1\gson-2.9.1.jar;C:\Users\ohsev\.m2\repository\com\github\docker-java\docker-java\3.3.5\docker-java-3.3.5.jar;C:\Users\ohsev\.m2\repository\com\github\docker-java\docker-java-core\3.3.5\docker-java-core-3.3.5.jar;C:\Users\ohsev\.m2\repository\com\github\docker-java\docker-java-api\3.3.5\docker-java-api-3.3.5.jar;C:\Users\ohsev\.m2\repository\org\bouncycastle\bcpkix-jdk18on\1.76\bcpkix-jdk18on-1.76.jar;C:\Users\ohsev\.m2\repository\org\bouncycastle\bcprov-jdk18on\1.76\bcprov-jdk18on-1.76.jar;C:\Users\ohsev\.m2\repository\org\bouncycastle\bcutil-jdk18on\1.76\bcutil-jdk18on-1.76.jar;C:\Users\ohsev\.m2\repository\org\slf4j\jcl-over-slf4j\1.7.36\jcl-over-slf4j-1.7.36.jar;C:\Users\ohsev\.m2\repository\com\github\docker-java\docker-java-transport-httpclient5\3.3.5\docker-java-transport-httpclient5-3.3.5.jar;C:\Users\ohsev\.m2\repository\com\github\docker-java\docker-java-transport\3.3.5\docker-java-transport-3.3.5.jar;C:\Users\ohsev\.m2\repository\net\java\dev\jna\jna\5.13.0\jna-5.13.0.jar;C:\Users\ohsev\.m2\repository\org\brotli\dec\0.1.2\dec-0.1.2.jar;C:\Users\ohsev\.m2\repository\org\apache\commons\commons-lang3\3.12.0\commons-lang3-3.12.0.jar;C:\Users\ohsev\.m2\repository\org\apache\httpcomponents\client5\httpclient5\5.2\httpclient5-5.2.jar;C:\Users\ohsev\.m2\repository\org\apache\httpcomponents\core5\httpcore5\5.1.5\httpcore5-5.1.5.jar;C:\Users\ohsev\.m2\repository\org\apache\httpcomponents\core5\httpcore5-h2\5.1.5\httpcore5-h2-5.1.5.jar;C:\Users\ohsev\.m2\repository\com\intuit\karate\karate-junit5\1.4.0\karate-junit5-1.4.0.jar;C:\Users\ohsev\.m2\repository\com\intuit\karate\karate-core\1.4.0\karate-core-1.4.0.jar;C:\Users\ohsev\.m2\repository\org\graalvm\js\js-scriptengine\22.3.0\js-scriptengine-22.3.0.jar;C:\Users\ohsev\.m2\repository\org\graalvm\sdk\graal-sdk\22.3.0\graal-sdk-22.3.0.jar;C:\Users\ohsev\.m2\repository\org\graalvm\js\js\22.3.0\js-22.3.0.jar;C:\Users\ohsev\.m2\repository\org\graalvm\regex\regex\22.3.0\regex-22.3.0.jar;C:\Users\ohsev\.m2\repository\org\graalvm\truffle\truffle-api\22.3.0\truffle-api-22.3.0.jar;C:\Users\ohsev\.m2\repository\com\ibm\icu\icu4j\71.1\icu4j-71.1.jar;C:\Users\ohsev\.m2\repository\org\thymeleaf\thymeleaf\3.0.15.RELEASE\thymeleaf-3.0.15.RELEASE.jar;C:\Users\ohsev\.m2\repository\ognl\ognl\3.1.26\ognl-3.1.26.jar;C:\Users\ohsev\.m2\repository\org\attoparser\attoparser\2.0.5.RELEASE\attoparser-2.0.5.RELEASE.jar;C:\Users\ohsev\.m2\repository\org\unbescape\unbescape\1.1.6.RELEASE\unbescape-1.1.6.RELEASE.jar;C:\Users\ohsev\.m2\repository\com\linecorp\armeria\armeria\1.22.0\armeria-1.22.0.jar;C:\Users\ohsev\.m2\repository\io\netty\netty-codec-haproxy\4.1.97.Final\netty-codec-haproxy-4.1.97.Final.jar;C:\Users\ohsev\.m2\repository\io\netty\netty-codec-http2\4.1.97.Final\netty-codec-http2-4.1.97.Final.jar;C:\Users\ohsev\.m2\repository\io\netty\netty-resolver-dns\4.1.97.Final\netty-resolver-dns-4.1.97.Final.jar;C:\Users\ohsev\.m2\repository\io\netty\netty-codec-dns\4.1.97.Final\netty-codec-dns-4.1.97.Final.jar;C:\Users\ohsev\.m2\repository\io\netty\netty-transport-native-unix-common\4.1.97.Final\netty-transport-native-unix-common-4.1.97.Final-linux-x86_64.jar;C:\Users\ohsev\.m2\repository\io\netty\netty-resolver-dns-native-macos\4.1.97.Final\netty-resolver-dns-native-macos-4.1.97.Final-osx-x86_64.jar;C:\Users\ohsev\.m2\repository\io\netty\netty-resolver-dns-classes-macos\4.1.97.Final\netty-resolver-dns-classes-macos-4.1.97.Final.jar;C:\Users\ohsev\.m2\repository\io\netty\netty-resolver-dns-native-macos\4.1.97.Final\netty-resolver-dns-native-macos-4.1.97.Final-osx-aarch_64.jar;C:\Users\ohsev\.m2\repository\io\netty\netty-tcnative-boringssl-static\2.0.61.Final\netty-tcnative-boringssl-static-2.0.61.Final-linux-x86_64.jar;C:\Users\ohsev\.m2\repository\io\netty\netty-tcnative-classes\2.0.61.Final\netty-tcnative-classes-2.0.61.Final.jar;C:\Users\ohsev\.m2\repository\io\netty\netty-tcnative-boringssl-static\2.0.61.Final\netty-tcnative-boringssl-static-2.0.61.Final-linux-aarch_64.jar;C:\Users\ohsev\.m2\repository\io\netty\netty-tcnative-boringssl-static\2.0.61.Final\netty-tcnative-boringssl-static-2.0.61.Final-osx-x86_64.jar;C:\Users\ohsev\.m2\repository\io\netty\netty-tcnative-boringssl-static\2.0.61.Final\netty-tcnative-boringssl-static-2.0.61.Final-osx-aarch_64.jar;C:\Users\ohsev\.m2\repository\io\netty\netty-tcnative-boringssl-static\2.0.61.Final\netty-tcnative-boringssl-static-2.0.61.Final-windows-x86_64.jar;C:\Users\ohsev\.m2\repository\com\aayushatharva\brotli4j\brotli4j\1.9.0\brotli4j-1.9.0.jar;C:\Users\ohsev\.m2\repository\org\apache\httpcomponents\httpclient\4.5.14\httpclient-4.5.14.jar;C:\Users\ohsev\.m2\repository\org\apache\httpcomponents\httpcore\4.4.16\httpcore-4.4.16.jar;C:\Users\ohsev\.m2\repository\ch\qos\logback\logback-classic\1.2.12\logback-classic-1.2.12.jar;C:\Users\ohsev\.m2\repository\ch\qos\logback\logback-core\1.2.12\logback-core-1.2.12.jar;C:\Users\ohsev\.m2\repository\org\antlr\antlr4-runtime\4.11.1\antlr4-runtime-4.11.1.jar;C:\Users\ohsev\.m2\repository\de\siegmar\fastcsv\2.2.1\fastcsv-2.2.1.jar;C:\Users\ohsev\.m2\repository\info\picocli\picocli\4.7.1\picocli-4.7.1.jar;C:\Users\ohsev\.m2\repository\io\github\classgraph\classgraph\4.8.152\classgraph-4.8.152.jar;C:\Users\ohsev\.m2\repository\io\github\t12y\resemble\1.0.2\resemble-1.0.2.jar;C:\Users\ohsev\.m2\repository\io\github\t12y\ssim\1.0.0\ssim-1.0.0.jar;C:\Users\ohsev\.m2\repository\org\graalvm\polyglot\polyglot\24.0.2\polyglot-24.0.2.jar;C:\Users\ohsev\.m2\repository\org\graalvm\sdk\collections\24.0.2\collections-24.0.2.jar;C:\Users\ohsev\.m2\repository\org\graalvm\sdk\nativeimage\24.0.2\nativeimage-24.0.2.jar;C:\Users\ohsev\.m2\repository\org\graalvm\sdk\word\24.0.2\word-24.0.2.jar;C:\Users\ohsev\.m2\repository\org\awaitility\awaitility\4.2.0\awaitility-4.2.0.jar;C:\Users\ohsev\.m2\repository\com\mysql\mysql-connector-j\8.0.33\mysql-connector-j-8.0.33.jar;C:\Users\ohsev\.m2\repository\org\springframework\boot\spring-boot-starter-validation\2.7.16\spring-boot-starter-validation-2.7.16.jar;C:\Users\ohsev\.m2\repository\org\apache\tomcat\embed\tomcat-embed-el\9.0.80\tomcat-embed-el-9.0.80.jar;C:\Users\ohsev\.m2\repository\org\hibernate\validator\hibernate-validator\6.2.5.Final\hibernate-validator-6.2.5.Final.jar;C:\Users\ohsev\.m2\repository\jakarta\validation\jakarta.validation-api\2.0.2\jakarta.validation-api-2.0.2.jar;C:\Users\ohsev\.m2\repository\org\mapstruct\mapstruct\1.5.5.Final\mapstruct-1.5.5.Final.jar;C:\Users\ohsev\.m2\repository\org\mapstruct\mapstruct-processor\1.5.5.Final\mapstruct-processor-1.5.5.Final.jar;C:\Users\ohsev\.m2\repository\org\javassist\javassist\3.29.2-GA\javassist-3.29.2-GA.jar;"/>
    <property name="java.vm.vendor" value="Oracle Corporation"/>
    <property name="sun.arch.data.model" value="64"/>
    <property name="user.variant" value=""/>
    <property name="java.vendor.url" value="https://java.oracle.com/"/>
    <property name="user.timezone" value="Europe/London"/>
    <property name="os.name" value="Windows 10"/>
    <property name="java.vm.specification.version" value="17"/>
    <property name="sun.java.launcher" value="SUN_STANDARD"/>
    <property name="user.country" value="IE"/>
    <property name="sun.boot.library.path" value="C:\Program Files\Java\jdk-17\bin"/>
    <property name="sun.java.command" value="C:\Users\ohsev\AppData\Local\Temp\surefire11500609867347307583\surefirebooter4011035691114212841.jar C:\Users\ohsev\AppData\Local\Temp\surefire11500609867347307583 2025-03-25T01-13-17_668-jvmRun1 surefire11709347071925809973tmp surefire_08434266631480296010tmp"/>
    <property name="jdk.debug" value="release"/>
    <property name="surefire.test.class.path" value="C:\Program Files\Git\repos\Project_MusicApp\musicapp\target\test-classes;C:\Program Files\Git\repos\Project_MusicApp\musicapp\target\classes;C:\Users\ohsev\.m2\repository\org\springframework\boot\spring-boot-starter-actuator\2.7.16\spring-boot-starter-actuator-2.7.16.jar;C:\Users\ohsev\.m2\repository\org\springframework\boot\spring-boot-starter\2.7.16\spring-boot-starter-2.7.16.jar;C:\Users\ohsev\.m2\repository\org\springframework\boot\spring-boot\2.7.16\spring-boot-2.7.16.jar;C:\Users\ohsev\.m2\repository\org\springframework\boot\spring-boot-autoconfigure\2.7.16\spring-boot-autoconfigure-2.7.16.jar;C:\Users\ohsev\.m2\repository\org\springframework\boot\spring-boot-starter-logging\2.7.16\spring-boot-starter-logging-2.7.16.jar;C:\Users\ohsev\.m2\repository\org\apache\logging\log4j\log4j-to-slf4j\2.17.2\log4j-to-slf4j-2.17.2.jar;C:\Users\ohsev\.m2\repository\org\slf4j\jul-to-slf4j\1.7.36\jul-to-slf4j-1.7.36.jar;C:\Users\ohsev\.m2\repository\jakarta\annotation\jakarta.annotation-api\1.3.5\jakarta.annotation-api-1.3.5.jar;C:\Users\ohsev\.m2\repository\org\yaml\snakeyaml\1.30\snakeyaml-1.30.jar;C:\Users\ohsev\.m2\repository\org\springframework\boot\spring-boot-actuator-autoconfigure\2.7.16\spring-boot-actuator-autoconfigure-2.7.16.jar;C:\Users\ohsev\.m2\repository\org\springframework\boot\spring-boot-actuator\2.7.16\spring-boot-actuator-2.7.16.jar;C:\Users\ohsev\.m2\repository\com\fasterxml\jackson\datatype\jackson-datatype-jsr310\2.13.5\jackson-datatype-jsr310-2.13.5.jar;C:\Users\ohsev\.m2\repository\io\micrometer\micrometer-core\1.9.15\micrometer-core-1.9.15.jar;C:\Users\ohsev\.m2\repository\org\hdrhistogram\HdrHistogram\2.1.12\HdrHistogram-2.1.12.jar;C:\Users\ohsev\.m2\repository\org\latencyutils\LatencyUtils\2.0.3\LatencyUtils-2.0.3.jar;C:\Users\ohsev\.m2\repository\org\springframework\boot\spring-boot-starter-data-jpa\2.7.16\spring-boot-starter-data-jpa-2.7.16.jar;C:\Users\ohsev\.m2\repository\org\springframework\boot\spring-boot-starter-aop\2.7.16\spring-boot-starter-aop-2.7.16.jar;C:\Users\ohsev\.m2\repository\org\aspectj\aspectjweaver\1.9.7\aspectjweaver-1.9.7.jar;C:\Users\ohsev\.m2\repository\org\springframework\boot\spring-boot-starter-jdbc\2.7.16\spring-boot-starter-jdbc-2.7.16.jar;C:\Users\ohsev\.m2\repository\com\zaxxer\HikariCP\4.0.3\HikariCP-4.0.3.jar;C:\Users\ohsev\.m2\repository\org\springframework\spring-jdbc\5.3.30\spring-jdbc-5.3.30.jar;C:\Users\ohsev\.m2\repository\jakarta\transaction\jakarta.transaction-api\1.3.3\jakarta.transaction-api-1.3.3.jar;C:\Users\ohsev\.m2\repository\jakarta\persistence\jakarta.persistence-api\2.2.3\jakarta.persistence-api-2.2.3.jar;C:\Users\ohsev\.m2\repository\org\hibernate\hibernate-core\5.6.15.Final\hibernate-core-5.6.15.Final.jar;C:\Users\ohsev\.m2\repository\org\jboss\logging\jboss-logging\3.4.3.Final\jboss-logging-3.4.3.Final.jar;C:\Users\ohsev\.m2\repository\net\bytebuddy\byte-buddy\1.12.23\byte-buddy-1.12.23.jar;C:\Users\ohsev\.m2\repository\antlr\antlr\2.7.7\antlr-2.7.7.jar;C:\Users\ohsev\.m2\repository\org\jboss\jandex\2.4.2.Final\jandex-2.4.2.Final.jar;C:\Users\ohsev\.m2\repository\com\fasterxml\classmate\1.5.1\classmate-1.5.1.jar;C:\Users\ohsev\.m2\repository\org\hibernate\common\hibernate-commons-annotations\5.1.2.Final\hibernate-commons-annotations-5.1.2.Final.jar;C:\Users\ohsev\.m2\repository\org\glassfish\jaxb\jaxb-runtime\2.3.8\jaxb-runtime-2.3.8.jar;C:\Users\ohsev\.m2\repository\org\glassfish\jaxb\txw2\2.3.8\txw2-2.3.8.jar;C:\Users\ohsev\.m2\repository\com\sun\istack\istack-commons-runtime\3.0.12\istack-commons-runtime-3.0.12.jar;C:\Users\ohsev\.m2\repository\com\sun\activation\jakarta.activation\1.2.2\jakarta.activation-1.2.2.jar;C:\Users\ohsev\.m2\repository\org\springframework\data\spring-data-jpa\2.7.16\spring-data-jpa-2.7.16.jar;C:\Users\ohsev\.m2\repository\org\springframework\data\spring-data-commons\2.7.16\spring-data-commons-2.7.16.jar;C:\Users\ohsev\.m2\repository\org\springframework\spring-orm\5.3.30\spring-orm-5.3.30.jar;C:\Users\ohsev\.m2\repository\org\springframework\spring-context\5.3.30\spring-context-5.3.30.jar;C:\Users\ohsev\.m2\repository\org\springframework\spring-tx\5.3.30\spring-tx-5.3.30.jar;C:\Users\ohsev\.m2\repository\org\springframework\spring-beans\5.3.30\spring-beans-5.3.30.jar;C:\Users\ohsev\.m2\repository\org\springframework\spring-aspects\5.3.30\spring-aspects-5.3.30.jar;C:\Users\ohsev\.m2\repository\org\springframework\boot\spring-boot-starter-web\2.7.16\spring-boot-starter-web-2.7.16.jar;C:\Users\ohsev\.m2\repository\org\springframework\boot\spring-boot-starter-json\2.7.16\spring-boot-starter-json-2.7.16.jar;C:\Users\ohsev\.m2\repository\com\fasterxml\jackson\datatype\jackson-datatype-jdk8\2.13.5\jackson-datatype-jdk8-2.13.5.jar;C:\Users\ohsev\.m2\repository\com\fasterxml\jackson\module\jackson-module-parameter-names\2.13.5\jackson-module-parameter-names-2.13.5.jar;C:\Users\ohsev\.m2\repository\org\springframework\boot\spring-boot-starter-tomcat\2.7.16\spring-boot-starter-tomcat-2.7.16.jar;C:\Users\ohsev\.m2\repository\org\apache\tomcat\embed\tomcat-embed-core\9.0.80\tomcat-embed-core-9.0.80.jar;C:\Users\ohsev\.m2\repository\org\apache\tomcat\embed\tomcat-embed-websocket\9.0.80\tomcat-embed-websocket-9.0.80.jar;C:\Users\ohsev\.m2\repository\org\springframework\spring-web\5.3.30\spring-web-5.3.30.jar;C:\Users\ohsev\.m2\repository\org\springframework\spring-webmvc\5.3.30\spring-webmvc-5.3.30.jar;C:\Users\ohsev\.m2\repository\org\springframework\spring-expression\5.3.30\spring-expression-5.3.30.jar;C:\Users\ohsev\.m2\repository\com\h2database\h2\2.1.214\h2-2.1.214.jar;C:\Users\ohsev\.m2\repository\org\springframework\boot\spring-boot-starter-test\2.7.16\spring-boot-starter-test-2.7.16.jar;C:\Users\ohsev\.m2\repository\org\springframework\boot\spring-boot-test\2.7.16\spring-boot-test-2.7.16.jar;C:\Users\ohsev\.m2\repository\org\springframework\boot\spring-boot-test-autoconfigure\2.7.16\spring-boot-test-autoconfigure-2.7.16.jar;C:\Users\ohsev\.m2\repository\com\jayway\jsonpath\json-path\2.7.0\json-path-2.7.0.jar;C:\Users\ohsev\.m2\repository\net\minidev\json-smart\2.4.11\json-smart-2.4.11.jar;C:\Users\ohsev\.m2\repository\net\minidev\accessors-smart\2.4.11\accessors-smart-2.4.11.jar;C:\Users\ohsev\.m2\repository\org\ow2\asm\asm\9.3\asm-9.3.jar;C:\Users\ohsev\.m2\repository\jakarta\xml\bind\jakarta.xml.bind-api\2.3.3\jakarta.xml.bind-api-2.3.3.jar;C:\Users\ohsev\.m2\repository\jakarta\activation\jakarta.activation-api\1.2.2\jakarta.activation-api-1.2.2.jar;C:\Users\ohsev\.m2\repository\org\assertj\assertj-core\3.22.0\assertj-core-3.22.0.jar;C:\Users\ohsev\.m2\repository\org\hamcrest\hamcrest\2.2\hamcrest-2.2.jar;C:\Users\ohsev\.m2\repository\org\mockito\mockito-core\4.5.1\mockito-core-4.5.1.jar;C:\Users\ohsev\.m2\repository\net\bytebuddy\byte-buddy-agent\1.12.23\byte-buddy-agent-1.12.23.jar;C:\Users\ohsev\.m2\repository\org\objenesis\objenesis\3.2\objenesis-3.2.jar;C:\Users\ohsev\.m2\repository\org\mockito\mockito-junit-jupiter\4.5.1\mockito-junit-jupiter-4.5.1.jar;C:\Users\ohsev\.m2\repository\org\skyscreamer\jsonassert\1.5.1\jsonassert-1.5.1.jar;C:\Users\ohsev\.m2\repository\com\vaadin\external\google\android-json\0.0.20131108.vaadin1\android-json-0.0.20131108.vaadin1.jar;C:\Users\ohsev\.m2\repository\org\springframework\spring-core\5.3.30\spring-core-5.3.30.jar;C:\Users\ohsev\.m2\repository\org\springframework\spring-jcl\5.3.30\spring-jcl-5.3.30.jar;C:\Users\ohsev\.m2\repository\org\springframework\spring-test\5.3.30\spring-test-5.3.30.jar;C:\Users\ohsev\.m2\repository\org\xmlunit\xmlunit-core\2.9.1\xmlunit-core-2.9.1.jar;C:\Users\ohsev\.m2\repository\org\apache\poi\poi\5.2.3\poi-5.2.3.jar;C:\Users\ohsev\.m2\repository\commons-codec\commons-codec\1.15\commons-codec-1.15.jar;C:\Users\ohsev\.m2\repository\org\apache\commons\commons-collections4\4.4\commons-collections4-4.4.jar;C:\Users\ohsev\.m2\repository\org\apache\commons\commons-math3\3.6.1\commons-math3-3.6.1.jar;C:\Users\ohsev\.m2\repository\commons-io\commons-io\2.11.0\commons-io-2.11.0.jar;C:\Users\ohsev\.m2\repository\com\zaxxer\SparseBitSet\1.2\SparseBitSet-1.2.jar;C:\Users\ohsev\.m2\repository\org\apache\logging\log4j\log4j-api\2.17.2\log4j-api-2.17.2.jar;C:\Users\ohsev\.m2\repository\org\apache\poi\poi-ooxml\5.2.3\poi-ooxml-5.2.3.jar;C:\Users\ohsev\.m2\repository\org\apache\poi\poi-ooxml-lite\5.2.3\poi-ooxml-lite-5.2.3.jar;C:\Users\ohsev\.m2\repository\org\apache\xmlbeans\xmlbeans\5.1.1\xmlbeans-5.1.1.jar;C:\Users\ohsev\.m2\repository\org\apache\commons\commons-compress\1.21\commons-compress-1.21.jar;C:\Users\ohsev\.m2\repository\com\github\virtuald\curvesapi\1.07\curvesapi-1.07.jar;C:\Users\ohsev\.m2\repository\io\cucumber\cucumber-java\7.20.0\cucumber-java-7.20.0.jar;C:\Users\ohsev\.m2\repository\io\cucumber\cucumber-core\7.20.0\cucumber-core-7.20.0.jar;C:\Users\ohsev\.m2\repository\io\cucumber\cucumber-gherkin\7.20.0\cucumber-gherkin-7.20.0.jar;C:\Users\ohsev\.m2\repository\io\cucumber\cucumber-gherkin-messages\7.20.0\cucumber-gherkin-messages-7.20.0.jar;C:\Users\ohsev\.m2\repository\io\cucumber\gherkin\28.0.0\gherkin-28.0.0.jar;C:\Users\ohsev\.m2\repository\io\cucumber\messages\24.1.0\messages-24.1.0.jar;C:\Users\ohsev\.m2\repository\io\cucumber\testng-xml-formatter\0.2.0\testng-xml-formatter-0.2.0.jar;C:\Users\ohsev\.m2\repository\io\cucumber\query\12.2.0\query-12.2.0.jar;C:\Users\ohsev\.m2\repository\io\cucumber\tag-expressions\6.1.0\tag-expressions-6.1.0.jar;C:\Users\ohsev\.m2\repository\io\cucumber\cucumber-expressions\17.1.0\cucumber-expressions-17.1.0.jar;C:\Users\ohsev\.m2\repository\io\cucumber\datatable\7.20.0\datatable-7.20.0.jar;C:\Users\ohsev\.m2\repository\io\cucumber\cucumber-plugin\7.20.0\cucumber-plugin-7.20.0.jar;C:\Users\ohsev\.m2\repository\io\cucumber\docstring\7.20.0\docstring-7.20.0.jar;C:\Users\ohsev\.m2\repository\io\cucumber\html-formatter\21.7.0\html-formatter-21.7.0.jar;C:\Users\ohsev\.m2\repository\io\cucumber\junit-xml-formatter\0.5.0\junit-xml-formatter-0.5.0.jar;C:\Users\ohsev\.m2\repository\io\cucumber\ci-environment\10.0.1\ci-environment-10.0.1.jar;C:\Users\ohsev\.m2\repository\org\apiguardian\apiguardian-api\1.1.2\apiguardian-api-1.1.2.jar;C:\Users\ohsev\.m2\repository\io\cucumber\cucumber-junit\7.20.0\cucumber-junit-7.20.0.jar;C:\Users\ohsev\.m2\repository\junit\junit\4.13.2\junit-4.13.2.jar;C:\Users\ohsev\.m2\repository\org\hamcrest\hamcrest-core\2.2\hamcrest-core-2.2.jar;C:\Users\ohsev\.m2\repository\io\cucumber\cucumber-junit-platform-engine\7.20.0\cucumber-junit-platform-engine-7.20.0.jar;C:\Users\ohsev\.m2\repository\org\junit\jupiter\junit-jupiter\5.8.2\junit-jupiter-5.8.2.jar;C:\Users\ohsev\.m2\repository\org\junit\jupiter\junit-jupiter-api\5.8.2\junit-jupiter-api-5.8.2.jar;C:\Users\ohsev\.m2\repository\org\opentest4j\opentest4j\1.2.0\opentest4j-1.2.0.jar;C:\Users\ohsev\.m2\repository\org\junit\jupiter\junit-jupiter-engine\5.8.2\junit-jupiter-engine-5.8.2.jar;C:\Users\ohsev\.m2\repository\org\junit\jupiter\junit-jupiter-params\5.8.2\junit-jupiter-params-5.8.2.jar;C:\Users\ohsev\.m2\repository\org\junit\platform\junit-platform-commons\1.8.2\junit-platform-commons-1.8.2.jar;C:\Users\ohsev\.m2\repository\org\junit\platform\junit-platform-engine\1.8.2\junit-platform-engine-1.8.2.jar;C:\Users\ohsev\.m2\repository\org\junit\platform\junit-platform-suite\1.8.2\junit-platform-suite-1.8.2.jar;C:\Users\ohsev\.m2\repository\org\junit\platform\junit-platform-suite-api\1.8.2\junit-platform-suite-api-1.8.2.jar;C:\Users\ohsev\.m2\repository\org\junit\platform\junit-platform-suite-engine\1.8.2\junit-platform-suite-engine-1.8.2.jar;C:\Users\ohsev\.m2\repository\org\junit\platform\junit-platform-suite-commons\1.8.2\junit-platform-suite-commons-1.8.2.jar;C:\Users\ohsev\.m2\repository\org\junit\platform\junit-platform-launcher\1.8.2\junit-platform-launcher-1.8.2.jar;C:\Users\ohsev\.m2\repository\org\springframework\boot\spring-boot-starter-security\2.7.16\spring-boot-starter-security-2.7.16.jar;C:\Users\ohsev\.m2\repository\org\springframework\spring-aop\5.3.30\spring-aop-5.3.30.jar;C:\Users\ohsev\.m2\repository\org\springframework\security\spring-security-config\5.7.11\spring-security-config-5.7.11.jar;C:\Users\ohsev\.m2\repository\org\springframework\security\spring-security-web\5.7.11\spring-security-web-5.7.11.jar;C:\Users\ohsev\.m2\repository\io\jsonwebtoken\jjwt\0.9.1\jjwt-0.9.1.jar;C:\Users\ohsev\.m2\repository\com\fasterxml\jackson\core\jackson-databind\2.13.5\jackson-databind-2.13.5.jar;C:\Users\ohsev\.m2\repository\com\fasterxml\jackson\core\jackson-annotations\2.13.5\jackson-annotations-2.13.5.jar;C:\Users\ohsev\.m2\repository\com\fasterxml\jackson\core\jackson-core\2.13.5\jackson-core-2.13.5.jar;C:\Users\ohsev\.m2\repository\org\projectlombok\lombok\1.18.36\lombok-1.18.36.jar;C:\Users\ohsev\.m2\repository\org\springframework\security\spring-security-test\5.7.5\spring-security-test-5.7.5.jar;C:\Users\ohsev\.m2\repository\org\springframework\security\spring-security-core\5.7.11\spring-security-core-5.7.11.jar;C:\Users\ohsev\.m2\repository\org\springframework\security\spring-security-crypto\5.7.11\spring-security-crypto-5.7.11.jar;C:\Users\ohsev\.m2\repository\org\seleniumhq\selenium\selenium-java\4.12.1\selenium-java-4.12.1.jar;C:\Users\ohsev\.m2\repository\org\seleniumhq\selenium\selenium-api\4.1.4\selenium-api-4.1.4.jar;C:\Users\ohsev\.m2\repository\org\seleniumhq\selenium\selenium-chrome-driver\4.1.4\selenium-chrome-driver-4.1.4.jar;C:\Users\ohsev\.m2\repository\com\google\auto\service\auto-service-annotations\1.0.1\auto-service-annotations-1.0.1.jar;C:\Users\ohsev\.m2\repository\com\google\auto\service\auto-service\1.0.1\auto-service-1.0.1.jar;C:\Users\ohsev\.m2\repository\com\google\auto\auto-common\1.2\auto-common-1.2.jar;C:\Users\ohsev\.m2\repository\com\google\guava\guava\31.1-jre\guava-31.1-jre.jar;C:\Users\ohsev\.m2\repository\com\google\guava\failureaccess\1.0.1\failureaccess-1.0.1.jar;C:\Users\ohsev\.m2\repository\com\google\guava\listenablefuture\9999.0-empty-to-avoid-conflict-with-guava\listenablefuture-9999.0-empty-to-avoid-conflict-with-guava.jar;C:\Users\ohsev\.m2\repository\com\google\code\findbugs\jsr305\3.0.2\jsr305-3.0.2.jar;C:\Users\ohsev\.m2\repository\org\checkerframework\checker-qual\3.12.0\checker-qual-3.12.0.jar;C:\Users\ohsev\.m2\repository\com\google\errorprone\error_prone_annotations\2.11.0\error_prone_annotations-2.11.0.jar;C:\Users\ohsev\.m2\repository\com\google\j2objc\j2objc-annotations\1.3\j2objc-annotations-1.3.jar;C:\Users\ohsev\.m2\repository\org\seleniumhq\selenium\selenium-chromium-driver\4.1.4\selenium-chromium-driver-4.1.4.jar;C:\Users\ohsev\.m2\repository\org\seleniumhq\selenium\selenium-json\4.1.4\selenium-json-4.1.4.jar;C:\Users\ohsev\.m2\repository\org\seleniumhq\selenium\selenium-devtools-v114\4.12.1\selenium-devtools-v114-4.12.1.jar;C:\Users\ohsev\.m2\repository\org\seleniumhq\selenium\selenium-devtools-v115\4.12.1\selenium-devtools-v115-4.12.1.jar;C:\Users\ohsev\.m2\repository\org\seleniumhq\selenium\selenium-devtools-v116\4.12.1\selenium-devtools-v116-4.12.1.jar;C:\Users\ohsev\.m2\repository\org\seleniumhq\selenium\selenium-devtools-v85\4.1.4\selenium-devtools-v85-4.1.4.jar;C:\Users\ohsev\.m2\repository\org\seleniumhq\selenium\selenium-edge-driver\4.1.4\selenium-edge-driver-4.1.4.jar;C:\Users\ohsev\.m2\repository\org\seleniumhq\selenium\selenium-firefox-driver\4.1.4\selenium-firefox-driver-4.1.4.jar;C:\Users\ohsev\.m2\repository\org\seleniumhq\selenium\selenium-ie-driver\4.1.4\selenium-ie-driver-4.1.4.jar;C:\Users\ohsev\.m2\repository\org\seleniumhq\selenium\selenium-remote-driver\4.1.4\selenium-remote-driver-4.1.4.jar;C:\Users\ohsev\.m2\repository\com\beust\jcommander\1.82\jcommander-1.82.jar;C:\Users\ohsev\.m2\repository\io\netty\netty-buffer\4.1.97.Final\netty-buffer-4.1.97.Final.jar;C:\Users\ohsev\.m2\repository\io\netty\netty-codec-http\4.1.97.Final\netty-codec-http-4.1.97.Final.jar;C:\Users\ohsev\.m2\repository\io\netty\netty-codec\4.1.97.Final\netty-codec-4.1.97.Final.jar;C:\Users\ohsev\.m2\repository\io\netty\netty-handler\4.1.97.Final\netty-handler-4.1.97.Final.jar;C:\Users\ohsev\.m2\repository\io\netty\netty-common\4.1.97.Final\netty-common-4.1.97.Final.jar;C:\Users\ohsev\.m2\repository\io\netty\netty-transport-classes-epoll\4.1.97.Final\netty-transport-classes-epoll-4.1.97.Final.jar;C:\Users\ohsev\.m2\repository\io\netty\netty-transport-classes-kqueue\4.1.97.Final\netty-transport-classes-kqueue-4.1.97.Final.jar;C:\Users\ohsev\.m2\repository\io\netty\netty-transport-native-epoll\4.1.97.Final\netty-transport-native-epoll-4.1.97.Final.jar;C:\Users\ohsev\.m2\repository\io\netty\netty-transport-native-kqueue\4.1.97.Final\netty-transport-native-kqueue-4.1.97.Final.jar;C:\Users\ohsev\.m2\repository\io\netty\netty-transport-native-unix-common\4.1.97.Final\netty-transport-native-unix-common-4.1.97.Final.jar;C:\Users\ohsev\.m2\repository\io\netty\netty-transport\4.1.97.Final\netty-transport-4.1.97.Final.jar;C:\Users\ohsev\.m2\repository\io\netty\netty-resolver\4.1.97.Final\netty-resolver-4.1.97.Final.jar;C:\Users\ohsev\.m2\repository\io\opentelemetry\opentelemetry-api\1.13.0\opentelemetry-api-1.13.0.jar;C:\Users\ohsev\.m2\repository\io\opentelemetry\opentelemetry-context\1.13.0\opentelemetry-context-1.13.0.jar;C:\Users\ohsev\.m2\repository\io\opentelemetry\opentelemetry-exporter-logging\1.13.0\opentelemetry-exporter-logging-1.13.0.jar;C:\Users\ohsev\.m2\repository\io\opentelemetry\opentelemetry-sdk-metrics\1.13.0-alpha\opentelemetry-sdk-metrics-1.13.0-alpha.jar;C:\Users\ohsev\.m2\repository\io\opentelemetry\opentelemetry-sdk-logs\1.13.0-alpha\opentelemetry-sdk-logs-1.13.0-alpha.jar;C:\Users\ohsev\.m2\repository\io\opentelemetry\opentelemetry-sdk-common\1.13.0\opentelemetry-sdk-common-1.13.0.jar;C:\Users\ohsev\.m2\repository\io\opentelemetry\opentelemetry-sdk-extension-autoconfigure-spi\1.13.0\opentelemetry-sdk-extension-autoconfigure-spi-1.13.0.jar;C:\Users\ohsev\.m2\repository\io\opentelemetry\opentelemetry-sdk-extension-autoconfigure\1.13.0-alpha\opentelemetry-sdk-extension-autoconfigure-1.13.0-alpha.jar;C:\Users\ohsev\.m2\repository\io\opentelemetry\opentelemetry-sdk-trace\1.13.0\opentelemetry-sdk-trace-1.13.0.jar;C:\Users\ohsev\.m2\repository\io\opentelemetry\opentelemetry-sdk\1.13.0\opentelemetry-sdk-1.13.0.jar;C:\Users\ohsev\.m2\repository\io\opentelemetry\opentelemetry-semconv\1.13.0-alpha\opentelemetry-semconv-1.13.0-alpha.jar;C:\Users\ohsev\.m2\repository\io\ous\jtoml\2.0.0\jtoml-2.0.0.jar;C:\Users\ohsev\.m2\repository\org\apache\commons\commons-exec\1.3\commons-exec-1.3.jar;C:\Users\ohsev\.m2\repository\org\asynchttpclient\async-http-client\2.12.3\async-http-client-2.12.3.jar;C:\Users\ohsev\.m2\repository\org\asynchttpclient\async-http-client-netty-utils\2.12.3\async-http-client-netty-utils-2.12.3.jar;C:\Users\ohsev\.m2\repository\io\netty\netty-codec-socks\4.1.97.Final\netty-codec-socks-4.1.97.Final.jar;C:\Users\ohsev\.m2\repository\io\netty\netty-handler-proxy\4.1.97.Final\netty-handler-proxy-4.1.97.Final.jar;C:\Users\ohsev\.m2\repository\io\netty\netty-transport-native-epoll\4.1.97.Final\netty-transport-native-epoll-4.1.97.Final-linux-x86_64.jar;C:\Users\ohsev\.m2\repository\io\netty\netty-transport-native-kqueue\4.1.97.Final\netty-transport-native-kqueue-4.1.97.Final-osx-x86_64.jar;C:\Users\ohsev\.m2\repository\org\reactivestreams\reactive-streams\1.0.4\reactive-streams-1.0.4.jar;C:\Users\ohsev\.m2\repository\com\typesafe\netty\netty-reactive-streams\2.0.4\netty-reactive-streams-2.0.4.jar;C:\Users\ohsev\.m2\repository\org\seleniumhq\selenium\selenium-http\4.1.4\selenium-http-4.1.4.jar;C:\Users\ohsev\.m2\repository\dev\failsafe\failsafe\3.2.3\failsafe-3.2.3.jar;C:\Users\ohsev\.m2\repository\org\seleniumhq\selenium\selenium-safari-driver\4.1.4\selenium-safari-driver-4.1.4.jar;C:\Users\ohsev\.m2\repository\org\seleniumhq\selenium\selenium-support\4.1.4\selenium-support-4.1.4.jar;C:\Users\ohsev\.m2\repository\io\github\bonigarcia\webdrivermanager\5.7.0\webdrivermanager-5.7.0.jar;C:\Users\ohsev\.m2\repository\org\slf4j\slf4j-api\1.7.36\slf4j-api-1.7.36.jar;C:\Users\ohsev\.m2\repository\com\google\code\gson\gson\2.9.1\gson-2.9.1.jar;C:\Users\ohsev\.m2\repository\com\github\docker-java\docker-java\3.3.5\docker-java-3.3.5.jar;C:\Users\ohsev\.m2\repository\com\github\docker-java\docker-java-core\3.3.5\docker-java-core-3.3.5.jar;C:\Users\ohsev\.m2\repository\com\github\docker-java\docker-java-api\3.3.5\docker-java-api-3.3.5.jar;C:\Users\ohsev\.m2\repository\org\bouncycastle\bcpkix-jdk18on\1.76\bcpkix-jdk18on-1.76.jar;C:\Users\ohsev\.m2\repository\org\bouncycastle\bcprov-jdk18on\1.76\bcprov-jdk18on-1.76.jar;C:\Users\ohsev\.m2\repository\org\bouncycastle\bcutil-jdk18on\1.76\bcutil-jdk18on-1.76.jar;C:\Users\ohsev\.m2\repository\org\slf4j\jcl-over-slf4j\1.7.36\jcl-over-slf4j-1.7.36.jar;C:\Users\ohsev\.m2\repository\com\github\docker-java\docker-java-transport-httpclient5\3.3.5\docker-java-transport-httpclient5-3.3.5.jar;C:\Users\ohsev\.m2\repository\com\github\docker-java\docker-java-transport\3.3.5\docker-java-transport-3.3.5.jar;C:\Users\ohsev\.m2\repository\net\java\dev\jna\jna\5.13.0\jna-5.13.0.jar;C:\Users\ohsev\.m2\repository\org\brotli\dec\0.1.2\dec-0.1.2.jar;C:\Users\ohsev\.m2\repository\org\apache\commons\commons-lang3\3.12.0\commons-lang3-3.12.0.jar;C:\Users\ohsev\.m2\repository\org\apache\httpcomponents\client5\httpclient5\5.2\httpclient5-5.2.jar;C:\Users\ohsev\.m2\repository\org\apache\httpcomponents\core5\httpcore5\5.1.5\httpcore5-5.1.5.jar;C:\Users\ohsev\.m2\repository\org\apache\httpcomponents\core5\httpcore5-h2\5.1.5\httpcore5-h2-5.1.5.jar;C:\Users\ohsev\.m2\repository\com\intuit\karate\karate-junit5\1.4.0\karate-junit5-1.4.0.jar;C:\Users\ohsev\.m2\repository\com\intuit\karate\karate-core\1.4.0\karate-core-1.4.0.jar;C:\Users\ohsev\.m2\repository\org\graalvm\js\js-scriptengine\22.3.0\js-scriptengine-22.3.0.jar;C:\Users\ohsev\.m2\repository\org\graalvm\sdk\graal-sdk\22.3.0\graal-sdk-22.3.0.jar;C:\Users\ohsev\.m2\repository\org\graalvm\js\js\22.3.0\js-22.3.0.jar;C:\Users\ohsev\.m2\repository\org\graalvm\regex\regex\22.3.0\regex-22.3.0.jar;C:\Users\ohsev\.m2\repository\org\graalvm\truffle\truffle-api\22.3.0\truffle-api-22.3.0.jar;C:\Users\ohsev\.m2\repository\com\ibm\icu\icu4j\71.1\icu4j-71.1.jar;C:\Users\ohsev\.m2\repository\org\thymeleaf\thymeleaf\3.0.15.RELEASE\thymeleaf-3.0.15.RELEASE.jar;C:\Users\ohsev\.m2\repository\ognl\ognl\3.1.26\ognl-3.1.26.jar;C:\Users\ohsev\.m2\repository\org\attoparser\attoparser\2.0.5.RELEASE\attoparser-2.0.5.RELEASE.jar;C:\Users\ohsev\.m2\repository\org\unbescape\unbescape\1.1.6.RELEASE\unbescape-1.1.6.RELEASE.jar;C:\Users\ohsev\.m2\repository\com\linecorp\armeria\armeria\1.22.0\armeria-1.22.0.jar;C:\Users\ohsev\.m2\repository\io\netty\netty-codec-haproxy\4.1.97.Final\netty-codec-haproxy-4.1.97.Final.jar;C:\Users\ohsev\.m2\repository\io\netty\netty-codec-http2\4.1.97.Final\netty-codec-http2-4.1.97.Final.jar;C:\Users\ohsev\.m2\repository\io\netty\netty-resolver-dns\4.1.97.Final\netty-resolver-dns-4.1.97.Final.jar;C:\Users\ohsev\.m2\repository\io\netty\netty-codec-dns\4.1.97.Final\netty-codec-dns-4.1.97.Final.jar;C:\Users\ohsev\.m2\repository\io\netty\netty-transport-native-unix-common\4.1.97.Final\netty-transport-native-unix-common-4.1.97.Final-linux-x86_64.jar;C:\Users\ohsev\.m2\repository\io\netty\netty-resolver-dns-native-macos\4.1.97.Final\netty-resolver-dns-native-macos-4.1.97.Final-osx-x86_64.jar;C:\Users\ohsev\.m2\repository\io\netty\netty-resolver-dns-classes-macos\4.1.97.Final\netty-resolver-dns-classes-macos-4.1.97.Final.jar;C:\Users\ohsev\.m2\repository\io\netty\netty-resolver-dns-native-macos\4.1.97.Final\netty-resolver-dns-native-macos-4.1.97.Final-osx-aarch_64.jar;C:\Users\ohsev\.m2\repository\io\netty\netty-tcnative-boringssl-static\2.0.61.Final\netty-tcnative-boringssl-static-2.0.61.Final-linux-x86_64.jar;C:\Users\ohsev\.m2\repository\io\netty\netty-tcnative-classes\2.0.61.Final\netty-tcnative-classes-2.0.61.Final.jar;C:\Users\ohsev\.m2\repository\io\netty\netty-tcnative-boringssl-static\2.0.61.Final\netty-tcnative-boringssl-static-2.0.61.Final-linux-aarch_64.jar;C:\Users\ohsev\.m2\repository\io\netty\netty-tcnative-boringssl-static\2.0.61.Final\netty-tcnative-boringssl-static-2.0.61.Final-osx-x86_64.jar;C:\Users\ohsev\.m2\repository\io\netty\netty-tcnative-boringssl-static\2.0.61.Final\netty-tcnative-boringssl-static-2.0.61.Final-osx-aarch_64.jar;C:\Users\ohsev\.m2\repository\io\netty\netty-tcnative-boringssl-static\2.0.61.Final\netty-tcnative-boringssl-static-2.0.61.Final-windows-x86_64.jar;C:\Users\ohsev\.m2\repository\com\aayushatharva\brotli4j\brotli4j\1.9.0\brotli4j-1.9.0.jar;C:\Users\ohsev\.m2\repository\org\apache\httpcomponents\httpclient\4.5.14\httpclient-4.5.14.jar;C:\Users\ohsev\.m2\repository\org\apache\httpcomponents\httpcore\4.4.16\httpcore-4.4.16.jar;C:\Users\ohsev\.m2\repository\ch\qos\logback\logback-classic\1.2.12\logback-classic-1.2.12.jar;C:\Users\ohsev\.m2\repository\ch\qos\logback\logback-core\1.2.12\logback-core-1.2.12.jar;C:\Users\ohsev\.m2\repository\org\antlr\antlr4-runtime\4.11.1\antlr4-runtime-4.11.1.jar;C:\Users\ohsev\.m2\repository\de\siegmar\fastcsv\2.2.1\fastcsv-2.2.1.jar;C:\Users\ohsev\.m2\repository\info\picocli\picocli\4.7.1\picocli-4.7.1.jar;C:\Users\ohsev\.m2\repository\io\github\classgraph\classgraph\4.8.152\classgraph-4.8.152.jar;C:\Users\ohsev\.m2\repository\io\github\t12y\resemble\1.0.2\resemble-1.0.2.jar;C:\Users\ohsev\.m2\repository\io\github\t12y\ssim\1.0.0\ssim-1.0.0.jar;C:\Users\ohsev\.m2\repository\org\graalvm\polyglot\polyglot\24.0.2\polyglot-24.0.2.jar;C:\Users\ohsev\.m2\repository\org\graalvm\sdk\collections\24.0.2\collections-24.0.2.jar;C:\Users\ohsev\.m2\repository\org\graalvm\sdk\nativeimage\24.0.2\nativeimage-24.0.2.jar;C:\Users\ohsev\.m2\repository\org\graalvm\sdk\word\24.0.2\word-24.0.2.jar;C:\Users\ohsev\.m2\repository\org\awaitility\awaitility\4.2.0\awaitility-4.2.0.jar;C:\Users\ohsev\.m2\repository\com\mysql\mysql-connector-j\8.0.33\mysql-connector-j-8.0.33.jar;C:\Users\ohsev\.m2\repository\org\springframework\boot\spring-boot-starter-validation\2.7.16\spring-boot-starter-validation-2.7.16.jar;C:\Users\ohsev\.m2\repository\org\apache\tomcat\embed\tomcat-embed-el\9.0.80\tomcat-embed-el-9.0.80.jar;C:\Users\ohsev\.m2\repository\org\hibernate\validator\hibernate-validator\6.2.5.Final\hibernate-validator-6.2.5.Final.jar;C:\Users\ohsev\.m2\repository\jakarta\validation\jakarta.validation-api\2.0.2\jakarta.validation-api-2.0.2.jar;C:\Users\ohsev\.m2\repository\org\mapstruct\mapstruct\1.5.5.Final\mapstruct-1.5.5.Final.jar;C:\Users\ohsev\.m2\repository\org\mapstruct\mapstruct-processor\1.5.5.Final\mapstruct-processor-1.5.5.Final.jar;C:\Users\ohsev\.m2\repository\org\javassist\javassist\3.29.2-GA\javassist-3.29.2-GA.jar;"/>
    <property name="sun.cpu.endian" value="little"/>
    <property name="user.home" value="C:\Users\ohsev"/>
    <property name="user.language" value="en"/>
    <property name="java.specification.vendor" value="Oracle Corporation"/>
    <property name="java.version.date" value="2024-07-16"/>
    <property name="java.home" value="C:\Program Files\Java\jdk-17"/>
    <property name="file.separator" value="\"/>
    <property name="style.color" value="always"/>
    <property name="basedir" value="C:\Program Files\Git\repos\Project_MusicApp\musicapp"/>
    <property name="java.vm.compressedOopsMode" value="Zero based"/>
    <property name="line.separator" value="&#10;"/>
    <property name="java.vm.specification.vendor" value="Oracle Corporation"/>
    <property name="java.specification.name" value="Java Platform API Specification"/>
    <property name="surefire.real.class.path" value="C:\Users\ohsev\AppData\Local\Temp\surefire11500609867347307583\surefirebooter4011035691114212841.jar"/>
    <property name="user.script" value=""/>
    <property name="sun.management.compiler" value="HotSpot 64-Bit Tiered Compilers"/>
    <property name="java.runtime.version" value="17.0.12+8-LTS-286"/>
    <property name="user.name" value="ohsev"/>
    <property name="path.separator" value=";"/>
    <property name="os.version" value="10.0"/>
    <property name="java.runtime.name" value="Java(TM) SE Runtime Environment"/>
    <property name="file.encoding" value="Cp1252"/>
    <property name="java.vm.name" value="Java HotSpot(TM) 64-Bit Server VM"/>
    <property name="localRepository" value="C:\Users\ohsev\.m2\repository"/>
    <property name="java.vendor.url.bug" value="https://bugreport.java.com/bugreport/"/>
    <property name="java.io.tmpdir" value="C:\Users\ohsev\AppData\Local\Temp\"/>
    <property name="java.version" value="17.0.12"/>
    <property name="user.dir" value="C:\Program Files\Git\repos\Project_MusicApp\musicapp"/>
    <property name="os.arch" value="amd64"/>
    <property name="java.vm.specification.name" value="Java Virtual Machine Specification"/>
    <property name="sun.os.patch.level" value=""/>
    <property name="native.encoding" value="Cp1252"/>
    <property name="java.library.path" value="C:\Program Files\Java\jdk-17\bin;C:\WINDOWS\Sun\Java\bin;C:\WINDOWS\system32;C:\WINDOWS;C:/Program Files/Java/jdk-23.0.1/bin/server;C:/Program Files/Java/jdk-23.0.1/bin;C:\Program Files\Java\jdk-17\bin;C:\apache-maven\bin;C:\Users\ohsev\Desktop\Software Tools\apache-maven-3.9.9\apache-maven-3.9.9-bin\apache-maven-3.9.9\bin;C:\sonar\sonarqube\bin\windows-x86-64;C:\sonar\sonar-scanner\bin;C:\WINDOWS\system32;C:\WINDOWS;C:\WINDOWS\System32\Wbem;C:\WINDOWS\System32\WindowsPowerShell\v1.0\;C:\WINDOWS\System32\OpenSSH\;C:\Program Files (x86)\gnupg\bin;C:\Program Files\dotnet\;C:\Program Files\Git\cmd;C:\Program Files\MySQL\MySQL Shell 8.0\bin\;C:\Users\ohsev\AppData\Local\Programs\Python\Python312\;C:\Users\ohsev\AppData\Local\Programs\Python\Python312\Scripts;C:\Program Files\Java\jdk-17\bin;C:\Program Files\MySQL\MySQL Shell 8.0\bin\;C:\Users\ohsev\AppData\Local\Programs\Python\Python312\;C:\Users\ohsev\AppData\Local\Programs\Python\Python312\Scripts;;C:\WINDOWS\System32;;."/>
    <property name="java.vm.info" value="mixed mode, sharing"/>
    <property name="java.vendor" value="Oracle Corporation"/>
    <property name="java.vm.version" value="17.0.12+8-LTS-286"/>
    <property name="sun.io.unicode.encoding" value="UnicodeLittle"/>
    <property name="java.class.version" value="61.0"/>
  </properties>
  <testcase name="testLoginAndSpotifyIntegration" classname="com.tus.musicapp.test.selenium.SpotifyConnectionTest" time="16.563">
    <error message="Expected condition failed: waiting for element to be clickable: By.cssSelector: img[src=&apos;https://i.scdn.co/image/ab67616d00001e02638404f3498c5c96c220cbf8&apos;] (tried for 15 second(s) with 500 milliseconds interval)&#10;Build info: version: &apos;4.1.4&apos;, revision: &apos;535d840ee2&apos;&#10;System info: host: &apos;DESKTOP-KVLT&apos;, ip: &apos;192.168.56.1&apos;, os.name: &apos;Windows 10&apos;, os.arch: &apos;amd64&apos;, os.version: &apos;10.0&apos;, java.version: &apos;17.0.12&apos;&#10;Driver info: org.openqa.selenium.chrome.ChromeDriver&#10;Capabilities {acceptInsecureCerts: false, browserName: chrome, browserVersion: 134.0.6998.118, chrome: {chromedriverVersion: 134.0.6998.165 (fd886e2cb29..., userDataDir: C:\Program Files\Git\repos\...}, fedcm:accounts: true, goog:chromeOptions: {debuggerAddress: localhost:54907}, javascriptEnabled: true, networkConnectionEnabled: false, pageLoadStrategy: normal, platform: WINDOWS, platformName: WINDOWS, proxy: Proxy(), se:cdp: ws://localhost:54907/devtoo..., se:cdpVersion: 134.0.6998.118, setWindowRect: true, strictFileInteractability: false, timeouts: {implicit: 0, pageLoad: 300000, script: 30000}, unhandledPromptBehavior: dismiss and notify, webauthn:extension:credBlob: true, webauthn:extension:largeBlob: true, webauthn:extension:minPinLength: true, webauthn:extension:prf: true, webauthn:virtualAuthenticators: true}&#10;Session ID: f66d4f005437434277d193fbb48b359c" type="org.openqa.selenium.TimeoutException">org.openqa.selenium.TimeoutException: 
Expected condition failed: waiting for element to be clickable: By.cssSelector: img[src='https://i.scdn.co/image/ab67616d00001e02638404f3498c5c96c220cbf8'] (tried for 15 second(s) with 500 milliseconds interval)
Build info: version: '4.1.4', revision: '535d840ee2'
System info: host: 'DESKTOP-KVLT', ip: '192.168.56.1', os.name: 'Windows 10', os.arch: 'amd64', os.version: '10.0', java.version: '17.0.12'
Driver info: org.openqa.selenium.chrome.ChromeDriver
Capabilities {acceptInsecureCerts: false, browserName: chrome, browserVersion: 134.0.6998.118, chrome: {chromedriverVersion: 134.0.6998.165 (fd886e2cb29..., userDataDir: C:\Program Files\Git\repos\...}, fedcm:accounts: true, goog:chromeOptions: {debuggerAddress: localhost:54907}, javascriptEnabled: true, networkConnectionEnabled: false, pageLoadStrategy: normal, platform: WINDOWS, platformName: WINDOWS, proxy: Proxy(), se:cdp: ws://localhost:54907/devtoo..., se:cdpVersion: 134.0.6998.118, setWindowRect: true, strictFileInteractability: false, timeouts: {implicit: 0, pageLoad: 300000, script: 30000}, unhandledPromptBehavior: dismiss and notify, webauthn:extension:credBlob: true, webauthn:extension:largeBlob: true, webauthn:extension:minPinLength: true, webauthn:extension:prf: true, webauthn:virtualAuthenticators: true}
Session ID: f66d4f005437434277d193fbb48b359c
	at com.tus.musicapp.test.selenium.SpotifyConnectionTest.testLoginAndSpotifyIntegration(SpotifyConnectionTest.java:47)
</error>
    <system-out><![CDATA[01:14:09.310 [main] DEBUG io.github.bonigarcia.wdm.WebDriverManager - Using WebDriverManager 5.7.0
01:14:09.327 [main] DEBUG io.github.bonigarcia.wdm.cache.ResolutionCache - Resolution chrome=134 in cache (valid until 02:13:53 25/03/2025 GMT)
01:14:09.328 [main] DEBUG io.github.bonigarcia.wdm.cache.ResolutionCache - Resolution chrome134=134.0.6998.165 in cache (valid until 01:13:53 26/03/2025 GMT)
01:14:09.328 [main] INFO io.github.bonigarcia.wdm.WebDriverManager - Using chromedriver 134.0.6998.165 (resolved driver for Chrome 134)
01:14:09.339 [main] DEBUG io.github.bonigarcia.wdm.WebDriverManager - Driver chromedriver 134.0.6998.165 found in cache
01:14:09.346 [main] INFO io.github.bonigarcia.wdm.WebDriverManager - Exporting webdriver.chrome.driver as C:\Users\ohsev\.cache\selenium\chromedriver\win64\134.0.6998.165\chromedriver.exe
01:14:09.752 [AsyncHttpClient-1-8] DEBUG org.asynchttpclient.netty.channel.NettyConnectListener - Using new Channel '[id: 0x71b46359, L:/127.0.0.1:54902 - R:localhost/127.0.0.1:57162]' for 'POST' to '/session'
01:14:09.945 [AsyncHttpClient-1-1] DEBUG org.asynchttpclient.netty.channel.DefaultChannelPool - Entry count for : http://localhost:63463 : 1
01:14:09.945 [AsyncHttpClient-1-1] DEBUG org.asynchttpclient.netty.channel.DefaultChannelPool - Entry count for : http://localhost:54790 : 1
01:14:09.945 [AsyncHttpClient-1-1] DEBUG org.asynchttpclient.netty.channel.DefaultChannelPool - Adding Candidate expired Channel [id: 0x2c8c1205, L:/127.0.0.1:54782 ! R:localhost/127.0.0.1:63463] isIdleTimeoutExpired=false isRemotelyClosed=true isTtlExpired=false
01:14:09.945 [AsyncHttpClient-1-1] DEBUG org.asynchttpclient.netty.channel.DefaultChannelPool - Closing Idle Channel [id: 0x2c8c1205, L:/127.0.0.1:54782 ! R:localhost/127.0.0.1:63463]
01:14:09.945 [AsyncHttpClient-1-1] DEBUG org.asynchttpclient.netty.channel.DefaultChannelPool - Adding Candidate expired Channel [id: 0x34272939, L:/127.0.0.1:54800 ! R:localhost/127.0.0.1:54790] isIdleTimeoutExpired=false isRemotelyClosed=true isTtlExpired=false
01:14:09.945 [AsyncHttpClient-1-1] DEBUG org.asynchttpclient.netty.channel.DefaultChannelPool - Closing Idle Channel [id: 0x34272939, L:/127.0.0.1:54800 ! R:localhost/127.0.0.1:54790]
01:14:09.945 [AsyncHttpClient-1-1] DEBUG org.asynchttpclient.netty.channel.DefaultChannelPool - Closed 2 connections out of 2 in 0 ms
01:14:11.100 [AsyncHttpClient-1-8] DEBUG org.asynchttpclient.netty.handler.HttpHandler - 

Request DefaultHttpRequest(decodeResult: success, version: HTTP/1.1)
POST /session HTTP/1.1
User-Agent: selenium/4.1.4 (java windows)
Content-Length: 999
Content-Type: application/json; charset=utf-8
host: localhost:57162
accept: */*

Response DefaultHttpResponse(decodeResult: success, version: HTTP/1.1)
HTTP/1.1 200 OK
Content-Length: 921
Content-Type: application/json; charset=utf-8
cache-control: no-cache

01:14:11.100 [AsyncHttpClient-1-8] DEBUG org.asynchttpclient.netty.channel.ChannelManager - Adding key: http://localhost:57162 for channel [id: 0x71b46359, L:/127.0.0.1:54902 - R:localhost/127.0.0.1:57162]
01:14:11.177 [AsyncHttpClient-1-9] DEBUG org.asynchttpclient.netty.channel.NettyConnectListener - Using new Channel '[id: 0x578661f3, L:/127.0.0.1:54920 - R:localhost/127.0.0.1:54907]' for 'GET' to '/json/version'
01:14:11.184 [AsyncHttpClient-1-9] DEBUG org.asynchttpclient.netty.handler.HttpHandler - 

Request DefaultFullHttpRequest(decodeResult: success, version: HTTP/1.1, content: EmptyByteBufBE)
GET /json/version HTTP/1.1
User-Agent: selenium/4.1.4 (java windows)
host: localhost:54907
accept: */*

Response DefaultHttpResponse(decodeResult: success, version: HTTP/1.1)
HTTP/1.1 200 OK
Content-Security-Policy: frame-ancestors 'none'
Content-Length: 424
Content-Type: application/json; charset=UTF-8

01:14:11.185 [AsyncHttpClient-1-9] DEBUG org.asynchttpclient.netty.channel.ChannelManager - Adding key: http://localhost:54907 for channel [id: 0x578661f3, L:/127.0.0.1:54920 - R:localhost/127.0.0.1:54907]
01:14:11.220 [AsyncHttpClient-1-2] DEBUG org.asynchttpclient.netty.channel.NettyConnectListener - Using new Channel '[id: 0x9ef009cc, L:/127.0.0.1:54921 - R:localhost/127.0.0.1:54907]' for 'GET' to '/devtools/browser/d5b4a843-e0ca-4ba9-8e52-255f7c22e9bf'
01:14:11.222 [AsyncHttpClient-1-2] DEBUG org.asynchttpclient.netty.handler.WebSocketHandler - 

Request DefaultFullHttpRequest(decodeResult: success, version: HTTP/1.1, content: EmptyByteBufBE)
GET /devtools/browser/d5b4a843-e0ca-4ba9-8e52-255f7c22e9bf HTTP/1.1
upgrade: websocket
connection: upgrade
sec-websocket-key: 70zx5sa0Es2u+aNr5PpfCg==
sec-websocket-version: 13
origin: http://localhost:54907
host: localhost:54907
accept: */*
user-agent: AHC/2.1

Response DefaultHttpResponse(decodeResult: success, version: HTTP/1.1)
HTTP/1.1 101 WebSocket Protocol Handshake
Upgrade: WebSocket
Connection: Upgrade
Sec-WebSocket-Accept: /kpCZGDYw05oFBkboQ8U9LvgqME=

01:14:11.228 [Forwarding get on session f66d4f005437434277d193fbb48b359c to remote] DEBUG org.asynchttpclient.netty.request.NettyRequestSender - Using pooled Channel '[id: 0x71b46359, L:/127.0.0.1:54902 - R:localhost/127.0.0.1:57162]' for 'POST' to 'http://localhost:57162/session/f66d4f005437434277d193fbb48b359c/url'
01:14:11.229 [Forwarding get on session f66d4f005437434277d193fbb48b359c to remote] DEBUG org.asynchttpclient.netty.request.NettyRequestSender - Using open Channel [id: 0x71b46359, L:/127.0.0.1:54902 - R:localhost/127.0.0.1:57162] for POST '/session/f66d4f005437434277d193fbb48b359c/url'
01:14:11.633 [AsyncHttpClient-1-8] DEBUG org.asynchttpclient.netty.handler.HttpHandler - 

Request DefaultHttpRequest(decodeResult: success, version: HTTP/1.1)
POST /session/f66d4f005437434277d193fbb48b359c/url HTTP/1.1
User-Agent: selenium/4.1.4 (java windows)
Content-Length: 52
Content-Type: application/json; charset=utf-8
host: localhost:57162
accept: */*

Response DefaultHttpResponse(decodeResult: success, version: HTTP/1.1)
HTTP/1.1 200 OK
Content-Length: 14
Content-Type: application/json; charset=utf-8
cache-control: no-cache

01:14:11.633 [AsyncHttpClient-1-8] DEBUG org.asynchttpclient.netty.channel.ChannelManager - Adding key: http://localhost:57162 for channel [id: 0x71b46359, L:/127.0.0.1:54902 - R:localhost/127.0.0.1:57162]
01:14:11.638 [Forwarding findElement on session f66d4f005437434277d193fbb48b359c to remote] DEBUG org.asynchttpclient.netty.request.NettyRequestSender - Using pooled Channel '[id: 0x71b46359, L:/127.0.0.1:54902 - R:localhost/127.0.0.1:57162]' for 'POST' to 'http://localhost:57162/session/f66d4f005437434277d193fbb48b359c/element'
01:14:11.638 [Forwarding findElement on session f66d4f005437434277d193fbb48b359c to remote] DEBUG org.asynchttpclient.netty.request.NettyRequestSender - Using open Channel [id: 0x71b46359, L:/127.0.0.1:54902 - R:localhost/127.0.0.1:57162] for POST '/session/f66d4f005437434277d193fbb48b359c/element'
01:14:11.663 [AsyncHttpClient-1-8] DEBUG org.asynchttpclient.netty.handler.HttpHandler - 

Request DefaultHttpRequest(decodeResult: success, version: HTTP/1.1)
POST /session/f66d4f005437434277d193fbb48b359c/element HTTP/1.1
User-Agent: selenium/4.1.4 (java windows)
Content-Length: 139
Content-Type: application/json; charset=utf-8
host: localhost:57162
accept: */*

Response DefaultHttpResponse(decodeResult: success, version: HTTP/1.1)
HTTP/1.1 404 Not Found
Content-Length: 1118
Content-Type: application/json; charset=utf-8
cache-control: no-cache

01:14:11.663 [AsyncHttpClient-1-8] DEBUG org.asynchttpclient.netty.channel.ChannelManager - Adding key: http://localhost:57162 for channel [id: 0x71b46359, L:/127.0.0.1:54902 - R:localhost/127.0.0.1:57162]
01:14:12.138 [AsyncHttpClient-1-1] DEBUG org.asynchttpclient.netty.channel.DefaultChannelPool - Entry count for : http://localhost:57162 : 1
01:14:12.138 [AsyncHttpClient-1-1] DEBUG org.asynchttpclient.netty.channel.DefaultChannelPool - Entry count for : http://localhost:54907 : 1
01:14:12.178 [Forwarding findElement on session f66d4f005437434277d193fbb48b359c to remote] DEBUG org.asynchttpclient.netty.request.NettyRequestSender - Using pooled Channel '[id: 0x71b46359, L:/127.0.0.1:54902 - R:localhost/127.0.0.1:57162]' for 'POST' to 'http://localhost:57162/session/f66d4f005437434277d193fbb48b359c/element'
01:14:12.178 [Forwarding findElement on session f66d4f005437434277d193fbb48b359c to remote] DEBUG org.asynchttpclient.netty.request.NettyRequestSender - Using open Channel [id: 0x71b46359, L:/127.0.0.1:54902 - R:localhost/127.0.0.1:57162] for POST '/session/f66d4f005437434277d193fbb48b359c/element'
01:14:12.204 [AsyncHttpClient-1-8] DEBUG org.asynchttpclient.netty.handler.HttpHandler - 

Request DefaultHttpRequest(decodeResult: success, version: HTTP/1.1)
POST /session/f66d4f005437434277d193fbb48b359c/element HTTP/1.1
User-Agent: selenium/4.1.4 (java windows)
Content-Length: 139
Content-Type: application/json; charset=utf-8
host: localhost:57162
accept: */*

Response DefaultHttpResponse(decodeResult: success, version: HTTP/1.1)
HTTP/1.1 404 Not Found
Content-Length: 1118
Content-Type: application/json; charset=utf-8
cache-control: no-cache

01:14:12.204 [AsyncHttpClient-1-8] DEBUG org.asynchttpclient.netty.channel.ChannelManager - Adding key: http://localhost:57162 for channel [id: 0x71b46359, L:/127.0.0.1:54902 - R:localhost/127.0.0.1:57162]
01:14:12.722 [Forwarding findElement on session f66d4f005437434277d193fbb48b359c to remote] DEBUG org.asynchttpclient.netty.request.NettyRequestSender - Using pooled Channel '[id: 0x71b46359, L:/127.0.0.1:54902 - R:localhost/127.0.0.1:57162]' for 'POST' to 'http://localhost:57162/session/f66d4f005437434277d193fbb48b359c/element'
01:14:12.722 [Forwarding findElement on session f66d4f005437434277d193fbb48b359c to remote] DEBUG org.asynchttpclient.netty.request.NettyRequestSender - Using open Channel [id: 0x71b46359, L:/127.0.0.1:54902 - R:localhost/127.0.0.1:57162] for POST '/session/f66d4f005437434277d193fbb48b359c/element'
01:14:12.730 [AsyncHttpClient-1-8] DEBUG org.asynchttpclient.netty.handler.HttpHandler - 

Request DefaultHttpRequest(decodeResult: success, version: HTTP/1.1)
POST /session/f66d4f005437434277d193fbb48b359c/element HTTP/1.1
User-Agent: selenium/4.1.4 (java windows)
Content-Length: 139
Content-Type: application/json; charset=utf-8
host: localhost:57162
accept: */*

Response DefaultHttpResponse(decodeResult: success, version: HTTP/1.1)
HTTP/1.1 404 Not Found
Content-Length: 1118
Content-Type: application/json; charset=utf-8
cache-control: no-cache

01:14:12.730 [AsyncHttpClient-1-8] DEBUG org.asynchttpclient.netty.channel.ChannelManager - Adding key: http://localhost:57162 for channel [id: 0x71b46359, L:/127.0.0.1:54902 - R:localhost/127.0.0.1:57162]
01:14:13.235 [Forwarding findElement on session f66d4f005437434277d193fbb48b359c to remote] DEBUG org.asynchttpclient.netty.request.NettyRequestSender - Using pooled Channel '[id: 0x71b46359, L:/127.0.0.1:54902 - R:localhost/127.0.0.1:57162]' for 'POST' to 'http://localhost:57162/session/f66d4f005437434277d193fbb48b359c/element'
01:14:13.235 [Forwarding findElement on session f66d4f005437434277d193fbb48b359c to remote] DEBUG org.asynchttpclient.netty.request.NettyRequestSender - Using open Channel [id: 0x71b46359, L:/127.0.0.1:54902 - R:localhost/127.0.0.1:57162] for POST '/session/f66d4f005437434277d193fbb48b359c/element'
01:14:13.239 [AsyncHttpClient-1-1] DEBUG org.asynchttpclient.netty.channel.DefaultChannelPool - Entry count for : http://localhost:54907 : 1
01:14:13.261 [AsyncHttpClient-1-8] DEBUG org.asynchttpclient.netty.handler.HttpHandler - 

Request DefaultHttpRequest(decodeResult: success, version: HTTP/1.1)
POST /session/f66d4f005437434277d193fbb48b359c/element HTTP/1.1
User-Agent: selenium/4.1.4 (java windows)
Content-Length: 139
Content-Type: application/json; charset=utf-8
host: localhost:57162
accept: */*

Response DefaultHttpResponse(decodeResult: success, version: HTTP/1.1)
HTTP/1.1 404 Not Found
Content-Length: 1118
Content-Type: application/json; charset=utf-8
cache-control: no-cache

01:14:13.262 [AsyncHttpClient-1-8] DEBUG org.asynchttpclient.netty.channel.ChannelManager - Adding key: http://localhost:57162 for channel [id: 0x71b46359, L:/127.0.0.1:54902 - R:localhost/127.0.0.1:57162]
01:14:13.780 [Forwarding findElement on session f66d4f005437434277d193fbb48b359c to remote] DEBUG org.asynchttpclient.netty.request.NettyRequestSender - Using pooled Channel '[id: 0x71b46359, L:/127.0.0.1:54902 - R:localhost/127.0.0.1:57162]' for 'POST' to 'http://localhost:57162/session/f66d4f005437434277d193fbb48b359c/element'
01:14:13.781 [Forwarding findElement on session f66d4f005437434277d193fbb48b359c to remote] DEBUG org.asynchttpclient.netty.request.NettyRequestSender - Using open Channel [id: 0x71b46359, L:/127.0.0.1:54902 - R:localhost/127.0.0.1:57162] for POST '/session/f66d4f005437434277d193fbb48b359c/element'
01:14:13.787 [AsyncHttpClient-1-8] DEBUG org.asynchttpclient.netty.handler.HttpHandler - 

Request DefaultHttpRequest(decodeResult: success, version: HTTP/1.1)
POST /session/f66d4f005437434277d193fbb48b359c/element HTTP/1.1
User-Agent: selenium/4.1.4 (java windows)
Content-Length: 139
Content-Type: application/json; charset=utf-8
host: localhost:57162
accept: */*

Response DefaultHttpResponse(decodeResult: success, version: HTTP/1.1)
HTTP/1.1 404 Not Found
Content-Length: 1118
Content-Type: application/json; charset=utf-8
cache-control: no-cache

01:14:13.787 [AsyncHttpClient-1-8] DEBUG org.asynchttpclient.netty.channel.ChannelManager - Adding key: http://localhost:57162 for channel [id: 0x71b46359, L:/127.0.0.1:54902 - R:localhost/127.0.0.1:57162]
01:14:14.299 [Forwarding findElement on session f66d4f005437434277d193fbb48b359c to remote] DEBUG org.asynchttpclient.netty.request.NettyRequestSender - Using pooled Channel '[id: 0x71b46359, L:/127.0.0.1:54902 - R:localhost/127.0.0.1:57162]' for 'POST' to 'http://localhost:57162/session/f66d4f005437434277d193fbb48b359c/element'
01:14:14.299 [Forwarding findElement on session f66d4f005437434277d193fbb48b359c to remote] DEBUG org.asynchttpclient.netty.request.NettyRequestSender - Using open Channel [id: 0x71b46359, L:/127.0.0.1:54902 - R:localhost/127.0.0.1:57162] for POST '/session/f66d4f005437434277d193fbb48b359c/element'
01:14:14.320 [AsyncHttpClient-1-8] DEBUG org.asynchttpclient.netty.handler.HttpHandler - 

Request DefaultHttpRequest(decodeResult: success, version: HTTP/1.1)
POST /session/f66d4f005437434277d193fbb48b359c/element HTTP/1.1
User-Agent: selenium/4.1.4 (java windows)
Content-Length: 139
Content-Type: application/json; charset=utf-8
host: localhost:57162
accept: */*

Response DefaultHttpResponse(decodeResult: success, version: HTTP/1.1)
HTTP/1.1 404 Not Found
Content-Length: 1118
Content-Type: application/json; charset=utf-8
cache-control: no-cache

01:14:14.321 [AsyncHttpClient-1-8] DEBUG org.asynchttpclient.netty.channel.ChannelManager - Adding key: http://localhost:57162 for channel [id: 0x71b46359, L:/127.0.0.1:54902 - R:localhost/127.0.0.1:57162]
01:14:14.344 [AsyncHttpClient-1-1] DEBUG org.asynchttpclient.netty.channel.DefaultChannelPool - Entry count for : http://localhost:57162 : 1
01:14:14.344 [AsyncHttpClient-1-1] DEBUG org.asynchttpclient.netty.channel.DefaultChannelPool - Entry count for : http://localhost:54907 : 1
01:14:14.827 [Forwarding findElement on session f66d4f005437434277d193fbb48b359c to remote] DEBUG org.asynchttpclient.netty.request.NettyRequestSender - Using pooled Channel '[id: 0x71b46359, L:/127.0.0.1:54902 - R:localhost/127.0.0.1:57162]' for 'POST' to 'http://localhost:57162/session/f66d4f005437434277d193fbb48b359c/element'
01:14:14.828 [Forwarding findElement on session f66d4f005437434277d193fbb48b359c to remote] DEBUG org.asynchttpclient.netty.request.NettyRequestSender - Using open Channel [id: 0x71b46359, L:/127.0.0.1:54902 - R:localhost/127.0.0.1:57162] for POST '/session/f66d4f005437434277d193fbb48b359c/element'
01:14:14.853 [AsyncHttpClient-1-8] DEBUG org.asynchttpclient.netty.handler.HttpHandler - 

Request DefaultHttpRequest(decodeResult: success, version: HTTP/1.1)
POST /session/f66d4f005437434277d193fbb48b359c/element HTTP/1.1
User-Agent: selenium/4.1.4 (java windows)
Content-Length: 139
Content-Type: application/json; charset=utf-8
host: localhost:57162
accept: */*

Response DefaultHttpResponse(decodeResult: success, version: HTTP/1.1)
HTTP/1.1 404 Not Found
Content-Length: 1118
Content-Type: application/json; charset=utf-8
cache-control: no-cache

01:14:14.854 [AsyncHttpClient-1-8] DEBUG org.asynchttpclient.netty.channel.ChannelManager - Adding key: http://localhost:57162 for channel [id: 0x71b46359, L:/127.0.0.1:54902 - R:localhost/127.0.0.1:57162]
01:14:15.357 [Forwarding findElement on session f66d4f005437434277d193fbb48b359c to remote] DEBUG org.asynchttpclient.netty.request.NettyRequestSender - Using pooled Channel '[id: 0x71b46359, L:/127.0.0.1:54902 - R:localhost/127.0.0.1:57162]' for 'POST' to 'http://localhost:57162/session/f66d4f005437434277d193fbb48b359c/element'
01:14:15.357 [Forwarding findElement on session f66d4f005437434277d193fbb48b359c to remote] DEBUG org.asynchttpclient.netty.request.NettyRequestSender - Using open Channel [id: 0x71b46359, L:/127.0.0.1:54902 - R:localhost/127.0.0.1:57162] for POST '/session/f66d4f005437434277d193fbb48b359c/element'
01:14:15.367 [AsyncHttpClient-1-8] DEBUG org.asynchttpclient.netty.handler.HttpHandler - 

Request DefaultHttpRequest(decodeResult: success, version: HTTP/1.1)
POST /session/f66d4f005437434277d193fbb48b359c/element HTTP/1.1
User-Agent: selenium/4.1.4 (java windows)
Content-Length: 139
Content-Type: application/json; charset=utf-8
host: localhost:57162
accept: */*

Response DefaultHttpResponse(decodeResult: success, version: HTTP/1.1)
HTTP/1.1 404 Not Found
Content-Length: 1118
Content-Type: application/json; charset=utf-8
cache-control: no-cache

01:14:15.368 [AsyncHttpClient-1-8] DEBUG org.asynchttpclient.netty.channel.ChannelManager - Adding key: http://localhost:57162 for channel [id: 0x71b46359, L:/127.0.0.1:54902 - R:localhost/127.0.0.1:57162]
01:14:15.439 [AsyncHttpClient-1-1] DEBUG org.asynchttpclient.netty.channel.DefaultChannelPool - Entry count for : http://localhost:57162 : 1
01:14:15.439 [AsyncHttpClient-1-1] DEBUG org.asynchttpclient.netty.channel.DefaultChannelPool - Entry count for : http://localhost:54907 : 1
01:14:15.886 [Forwarding findElement on session f66d4f005437434277d193fbb48b359c to remote] DEBUG org.asynchttpclient.netty.request.NettyRequestSender - Using pooled Channel '[id: 0x71b46359, L:/127.0.0.1:54902 - R:localhost/127.0.0.1:57162]' for 'POST' to 'http://localhost:57162/session/f66d4f005437434277d193fbb48b359c/element'
01:14:15.887 [Forwarding findElement on session f66d4f005437434277d193fbb48b359c to remote] DEBUG org.asynchttpclient.netty.request.NettyRequestSender - Using open Channel [id: 0x71b46359, L:/127.0.0.1:54902 - R:localhost/127.0.0.1:57162] for POST '/session/f66d4f005437434277d193fbb48b359c/element'
01:14:15.913 [AsyncHttpClient-1-8] DEBUG org.asynchttpclient.netty.handler.HttpHandler - 

Request DefaultHttpRequest(decodeResult: success, version: HTTP/1.1)
POST /session/f66d4f005437434277d193fbb48b359c/element HTTP/1.1
User-Agent: selenium/4.1.4 (java windows)
Content-Length: 139
Content-Type: application/json; charset=utf-8
host: localhost:57162
accept: */*

Response DefaultHttpResponse(decodeResult: success, version: HTTP/1.1)
HTTP/1.1 404 Not Found
Content-Length: 1118
Content-Type: application/json; charset=utf-8
cache-control: no-cache

01:14:15.914 [AsyncHttpClient-1-8] DEBUG org.asynchttpclient.netty.channel.ChannelManager - Adding key: http://localhost:57162 for channel [id: 0x71b46359, L:/127.0.0.1:54902 - R:localhost/127.0.0.1:57162]
01:14:16.425 [Forwarding findElement on session f66d4f005437434277d193fbb48b359c to remote] DEBUG org.asynchttpclient.netty.request.NettyRequestSender - Using pooled Channel '[id: 0x71b46359, L:/127.0.0.1:54902 - R:localhost/127.0.0.1:57162]' for 'POST' to 'http://localhost:57162/session/f66d4f005437434277d193fbb48b359c/element'
01:14:16.425 [Forwarding findElement on session f66d4f005437434277d193fbb48b359c to remote] DEBUG org.asynchttpclient.netty.request.NettyRequestSender - Using open Channel [id: 0x71b46359, L:/127.0.0.1:54902 - R:localhost/127.0.0.1:57162] for POST '/session/f66d4f005437434277d193fbb48b359c/element'
01:14:16.447 [AsyncHttpClient-1-8] DEBUG org.asynchttpclient.netty.handler.HttpHandler - 

Request DefaultHttpRequest(decodeResult: success, version: HTTP/1.1)
POST /session/f66d4f005437434277d193fbb48b359c/element HTTP/1.1
User-Agent: selenium/4.1.4 (java windows)
Content-Length: 139
Content-Type: application/json; charset=utf-8
host: localhost:57162
accept: */*

Response DefaultHttpResponse(decodeResult: success, version: HTTP/1.1)
HTTP/1.1 404 Not Found
Content-Length: 1118
Content-Type: application/json; charset=utf-8
cache-control: no-cache

01:14:16.448 [AsyncHttpClient-1-8] DEBUG org.asynchttpclient.netty.channel.ChannelManager - Adding key: http://localhost:57162 for channel [id: 0x71b46359, L:/127.0.0.1:54902 - R:localhost/127.0.0.1:57162]
01:14:16.546 [AsyncHttpClient-1-1] DEBUG org.asynchttpclient.netty.channel.DefaultChannelPool - Entry count for : http://localhost:57162 : 1
01:14:16.546 [AsyncHttpClient-1-1] DEBUG org.asynchttpclient.netty.channel.DefaultChannelPool - Entry count for : http://localhost:54907 : 1
01:14:16.957 [Forwarding findElement on session f66d4f005437434277d193fbb48b359c to remote] DEBUG org.asynchttpclient.netty.request.NettyRequestSender - Using pooled Channel '[id: 0x71b46359, L:/127.0.0.1:54902 - R:localhost/127.0.0.1:57162]' for 'POST' to 'http://localhost:57162/session/f66d4f005437434277d193fbb48b359c/element'
01:14:16.957 [Forwarding findElement on session f66d4f005437434277d193fbb48b359c to remote] DEBUG org.asynchttpclient.netty.request.NettyRequestSender - Using open Channel [id: 0x71b46359, L:/127.0.0.1:54902 - R:localhost/127.0.0.1:57162] for POST '/session/f66d4f005437434277d193fbb48b359c/element'
01:14:16.967 [AsyncHttpClient-1-8] DEBUG org.asynchttpclient.netty.handler.HttpHandler - 

Request DefaultHttpRequest(decodeResult: success, version: HTTP/1.1)
POST /session/f66d4f005437434277d193fbb48b359c/element HTTP/1.1
User-Agent: selenium/4.1.4 (java windows)
Content-Length: 139
Content-Type: application/json; charset=utf-8
host: localhost:57162
accept: */*

Response DefaultHttpResponse(decodeResult: success, version: HTTP/1.1)
HTTP/1.1 404 Not Found
Content-Length: 1118
Content-Type: application/json; charset=utf-8
cache-control: no-cache

01:14:16.968 [AsyncHttpClient-1-8] DEBUG org.asynchttpclient.netty.channel.ChannelManager - Adding key: http://localhost:57162 for channel [id: 0x71b46359, L:/127.0.0.1:54902 - R:localhost/127.0.0.1:57162]
01:14:17.480 [Forwarding findElement on session f66d4f005437434277d193fbb48b359c to remote] DEBUG org.asynchttpclient.netty.request.NettyRequestSender - Using pooled Channel '[id: 0x71b46359, L:/127.0.0.1:54902 - R:localhost/127.0.0.1:57162]' for 'POST' to 'http://localhost:57162/session/f66d4f005437434277d193fbb48b359c/element'
01:14:17.480 [Forwarding findElement on session f66d4f005437434277d193fbb48b359c to remote] DEBUG org.asynchttpclient.netty.request.NettyRequestSender - Using open Channel [id: 0x71b46359, L:/127.0.0.1:54902 - R:localhost/127.0.0.1:57162] for POST '/session/f66d4f005437434277d193fbb48b359c/element'
01:14:17.501 [AsyncHttpClient-1-8] DEBUG org.asynchttpclient.netty.handler.HttpHandler - 

Request DefaultHttpRequest(decodeResult: success, version: HTTP/1.1)
POST /session/f66d4f005437434277d193fbb48b359c/element HTTP/1.1
User-Agent: selenium/4.1.4 (java windows)
Content-Length: 139
Content-Type: application/json; charset=utf-8
host: localhost:57162
accept: */*

Response DefaultHttpResponse(decodeResult: success, version: HTTP/1.1)
HTTP/1.1 404 Not Found
Content-Length: 1118
Content-Type: application/json; charset=utf-8
cache-control: no-cache

01:14:17.501 [AsyncHttpClient-1-8] DEBUG org.asynchttpclient.netty.channel.ChannelManager - Adding key: http://localhost:57162 for channel [id: 0x71b46359, L:/127.0.0.1:54902 - R:localhost/127.0.0.1:57162]
01:14:17.640 [AsyncHttpClient-1-1] DEBUG org.asynchttpclient.netty.channel.DefaultChannelPool - Entry count for : http://localhost:57162 : 1
01:14:17.640 [AsyncHttpClient-1-1] DEBUG org.asynchttpclient.netty.channel.DefaultChannelPool - Entry count for : http://localhost:54907 : 1
01:14:18.011 [Forwarding findElement on session f66d4f005437434277d193fbb48b359c to remote] DEBUG org.asynchttpclient.netty.request.NettyRequestSender - Using pooled Channel '[id: 0x71b46359, L:/127.0.0.1:54902 - R:localhost/127.0.0.1:57162]' for 'POST' to 'http://localhost:57162/session/f66d4f005437434277d193fbb48b359c/element'
01:14:18.011 [Forwarding findElement on session f66d4f005437434277d193fbb48b359c to remote] DEBUG org.asynchttpclient.netty.request.NettyRequestSender - Using open Channel [id: 0x71b46359, L:/127.0.0.1:54902 - R:localhost/127.0.0.1:57162] for POST '/session/f66d4f005437434277d193fbb48b359c/element'
01:14:18.019 [AsyncHttpClient-1-8] DEBUG org.asynchttpclient.netty.handler.HttpHandler - 

Request DefaultHttpRequest(decodeResult: success, version: HTTP/1.1)
POST /session/f66d4f005437434277d193fbb48b359c/element HTTP/1.1
User-Agent: selenium/4.1.4 (java windows)
Content-Length: 139
Content-Type: application/json; charset=utf-8
host: localhost:57162
accept: */*

Response DefaultHttpResponse(decodeResult: success, version: HTTP/1.1)
HTTP/1.1 404 Not Found
Content-Length: 1118
Content-Type: application/json; charset=utf-8
cache-control: no-cache

01:14:18.019 [AsyncHttpClient-1-8] DEBUG org.asynchttpclient.netty.channel.ChannelManager - Adding key: http://localhost:57162 for channel [id: 0x71b46359, L:/127.0.0.1:54902 - R:localhost/127.0.0.1:57162]
01:14:18.525 [Forwarding findElement on session f66d4f005437434277d193fbb48b359c to remote] DEBUG org.asynchttpclient.netty.request.NettyRequestSender - Using pooled Channel '[id: 0x71b46359, L:/127.0.0.1:54902 - R:localhost/127.0.0.1:57162]' for 'POST' to 'http://localhost:57162/session/f66d4f005437434277d193fbb48b359c/element'
01:14:18.525 [Forwarding findElement on session f66d4f005437434277d193fbb48b359c to remote] DEBUG org.asynchttpclient.netty.request.NettyRequestSender - Using open Channel [id: 0x71b46359, L:/127.0.0.1:54902 - R:localhost/127.0.0.1:57162] for POST '/session/f66d4f005437434277d193fbb48b359c/element'
01:14:18.560 [AsyncHttpClient-1-8] DEBUG org.asynchttpclient.netty.handler.HttpHandler - 

Request DefaultHttpRequest(decodeResult: success, version: HTTP/1.1)
POST /session/f66d4f005437434277d193fbb48b359c/element HTTP/1.1
User-Agent: selenium/4.1.4 (java windows)
Content-Length: 139
Content-Type: application/json; charset=utf-8
host: localhost:57162
accept: */*

Response DefaultHttpResponse(decodeResult: success, version: HTTP/1.1)
HTTP/1.1 404 Not Found
Content-Length: 1118
Content-Type: application/json; charset=utf-8
cache-control: no-cache

01:14:18.560 [AsyncHttpClient-1-8] DEBUG org.asynchttpclient.netty.channel.ChannelManager - Adding key: http://localhost:57162 for channel [id: 0x71b46359, L:/127.0.0.1:54902 - R:localhost/127.0.0.1:57162]
01:14:18.741 [AsyncHttpClient-1-1] DEBUG org.asynchttpclient.netty.channel.DefaultChannelPool - Entry count for : http://localhost:57162 : 1
01:14:18.741 [AsyncHttpClient-1-1] DEBUG org.asynchttpclient.netty.channel.DefaultChannelPool - Entry count for : http://localhost:54907 : 1
01:14:19.070 [Forwarding findElement on session f66d4f005437434277d193fbb48b359c to remote] DEBUG org.asynchttpclient.netty.request.NettyRequestSender - Using pooled Channel '[id: 0x71b46359, L:/127.0.0.1:54902 - R:localhost/127.0.0.1:57162]' for 'POST' to 'http://localhost:57162/session/f66d4f005437434277d193fbb48b359c/element'
01:14:19.070 [Forwarding findElement on session f66d4f005437434277d193fbb48b359c to remote] DEBUG org.asynchttpclient.netty.request.NettyRequestSender - Using open Channel [id: 0x71b46359, L:/127.0.0.1:54902 - R:localhost/127.0.0.1:57162] for POST '/session/f66d4f005437434277d193fbb48b359c/element'
01:14:19.101 [AsyncHttpClient-1-8] DEBUG org.asynchttpclient.netty.handler.HttpHandler - 

Request DefaultHttpRequest(decodeResult: success, version: HTTP/1.1)
POST /session/f66d4f005437434277d193fbb48b359c/element HTTP/1.1
User-Agent: selenium/4.1.4 (java windows)
Content-Length: 139
Content-Type: application/json; charset=utf-8
host: localhost:57162
accept: */*

Response DefaultHttpResponse(decodeResult: success, version: HTTP/1.1)
HTTP/1.1 404 Not Found
Content-Length: 1118
Content-Type: application/json; charset=utf-8
cache-control: no-cache

01:14:19.102 [AsyncHttpClient-1-8] DEBUG org.asynchttpclient.netty.channel.ChannelManager - Adding key: http://localhost:57162 for channel [id: 0x71b46359, L:/127.0.0.1:54902 - R:localhost/127.0.0.1:57162]
01:14:19.613 [Forwarding findElement on session f66d4f005437434277d193fbb48b359c to remote] DEBUG org.asynchttpclient.netty.request.NettyRequestSender - Using pooled Channel '[id: 0x71b46359, L:/127.0.0.1:54902 - R:localhost/127.0.0.1:57162]' for 'POST' to 'http://localhost:57162/session/f66d4f005437434277d193fbb48b359c/element'
01:14:19.613 [Forwarding findElement on session f66d4f005437434277d193fbb48b359c to remote] DEBUG org.asynchttpclient.netty.request.NettyRequestSender - Using open Channel [id: 0x71b46359, L:/127.0.0.1:54902 - R:localhost/127.0.0.1:57162] for POST '/session/f66d4f005437434277d193fbb48b359c/element'
01:14:19.629 [AsyncHttpClient-1-8] DEBUG org.asynchttpclient.netty.handler.HttpHandler - 

Request DefaultHttpRequest(decodeResult: success, version: HTTP/1.1)
POST /session/f66d4f005437434277d193fbb48b359c/element HTTP/1.1
User-Agent: selenium/4.1.4 (java windows)
Content-Length: 139
Content-Type: application/json; charset=utf-8
host: localhost:57162
accept: */*

Response DefaultHttpResponse(decodeResult: success, version: HTTP/1.1)
HTTP/1.1 404 Not Found
Content-Length: 1118
Content-Type: application/json; charset=utf-8
cache-control: no-cache

01:14:19.630 [AsyncHttpClient-1-8] DEBUG org.asynchttpclient.netty.channel.ChannelManager - Adding key: http://localhost:57162 for channel [id: 0x71b46359, L:/127.0.0.1:54902 - R:localhost/127.0.0.1:57162]
01:14:19.845 [AsyncHttpClient-1-1] DEBUG org.asynchttpclient.netty.channel.DefaultChannelPool - Entry count for : http://localhost:57162 : 1
01:14:19.845 [AsyncHttpClient-1-1] DEBUG org.asynchttpclient.netty.channel.DefaultChannelPool - Entry count for : http://localhost:54907 : 1
01:14:20.140 [Forwarding findElement on session f66d4f005437434277d193fbb48b359c to remote] DEBUG org.asynchttpclient.netty.request.NettyRequestSender - Using pooled Channel '[id: 0x71b46359, L:/127.0.0.1:54902 - R:localhost/127.0.0.1:57162]' for 'POST' to 'http://localhost:57162/session/f66d4f005437434277d193fbb48b359c/element'
01:14:20.140 [Forwarding findElement on session f66d4f005437434277d193fbb48b359c to remote] DEBUG org.asynchttpclient.netty.request.NettyRequestSender - Using open Channel [id: 0x71b46359, L:/127.0.0.1:54902 - R:localhost/127.0.0.1:57162] for POST '/session/f66d4f005437434277d193fbb48b359c/element'
01:14:20.164 [AsyncHttpClient-1-8] DEBUG org.asynchttpclient.netty.handler.HttpHandler - 

Request DefaultHttpRequest(decodeResult: success, version: HTTP/1.1)
POST /session/f66d4f005437434277d193fbb48b359c/element HTTP/1.1
User-Agent: selenium/4.1.4 (java windows)
Content-Length: 139
Content-Type: application/json; charset=utf-8
host: localhost:57162
accept: */*

Response DefaultHttpResponse(decodeResult: success, version: HTTP/1.1)
HTTP/1.1 404 Not Found
Content-Length: 1118
Content-Type: application/json; charset=utf-8
cache-control: no-cache

01:14:20.164 [AsyncHttpClient-1-8] DEBUG org.asynchttpclient.netty.channel.ChannelManager - Adding key: http://localhost:57162 for channel [id: 0x71b46359, L:/127.0.0.1:54902 - R:localhost/127.0.0.1:57162]
01:14:20.682 [Forwarding findElement on session f66d4f005437434277d193fbb48b359c to remote] DEBUG org.asynchttpclient.netty.request.NettyRequestSender - Using pooled Channel '[id: 0x71b46359, L:/127.0.0.1:54902 - R:localhost/127.0.0.1:57162]' for 'POST' to 'http://localhost:57162/session/f66d4f005437434277d193fbb48b359c/element'
01:14:20.682 [Forwarding findElement on session f66d4f005437434277d193fbb48b359c to remote] DEBUG org.asynchttpclient.netty.request.NettyRequestSender - Using open Channel [id: 0x71b46359, L:/127.0.0.1:54902 - R:localhost/127.0.0.1:57162] for POST '/session/f66d4f005437434277d193fbb48b359c/element'
01:14:20.690 [AsyncHttpClient-1-8] DEBUG org.asynchttpclient.netty.handler.HttpHandler - 

Request DefaultHttpRequest(decodeResult: success, version: HTTP/1.1)
POST /session/f66d4f005437434277d193fbb48b359c/element HTTP/1.1
User-Agent: selenium/4.1.4 (java windows)
Content-Length: 139
Content-Type: application/json; charset=utf-8
host: localhost:57162
accept: */*

Response DefaultHttpResponse(decodeResult: success, version: HTTP/1.1)
HTTP/1.1 404 Not Found
Content-Length: 1118
Content-Type: application/json; charset=utf-8
cache-control: no-cache

01:14:20.690 [AsyncHttpClient-1-8] DEBUG org.asynchttpclient.netty.channel.ChannelManager - Adding key: http://localhost:57162 for channel [id: 0x71b46359, L:/127.0.0.1:54902 - R:localhost/127.0.0.1:57162]
01:14:20.939 [AsyncHttpClient-1-1] DEBUG org.asynchttpclient.netty.channel.DefaultChannelPool - Entry count for : http://localhost:57162 : 1
01:14:20.939 [AsyncHttpClient-1-1] DEBUG org.asynchttpclient.netty.channel.DefaultChannelPool - Entry count for : http://localhost:54907 : 1
01:14:21.197 [Forwarding findElement on session f66d4f005437434277d193fbb48b359c to remote] DEBUG org.asynchttpclient.netty.request.NettyRequestSender - Using pooled Channel '[id: 0x71b46359, L:/127.0.0.1:54902 - R:localhost/127.0.0.1:57162]' for 'POST' to 'http://localhost:57162/session/f66d4f005437434277d193fbb48b359c/element'
01:14:21.197 [Forwarding findElement on session f66d4f005437434277d193fbb48b359c to remote] DEBUG org.asynchttpclient.netty.request.NettyRequestSender - Using open Channel [id: 0x71b46359, L:/127.0.0.1:54902 - R:localhost/127.0.0.1:57162] for POST '/session/f66d4f005437434277d193fbb48b359c/element'
01:14:21.216 [AsyncHttpClient-1-8] DEBUG org.asynchttpclient.netty.handler.HttpHandler - 

Request DefaultHttpRequest(decodeResult: success, version: HTTP/1.1)
POST /session/f66d4f005437434277d193fbb48b359c/element HTTP/1.1
User-Agent: selenium/4.1.4 (java windows)
Content-Length: 139
Content-Type: application/json; charset=utf-8
host: localhost:57162
accept: */*

Response DefaultHttpResponse(decodeResult: success, version: HTTP/1.1)
HTTP/1.1 404 Not Found
Content-Length: 1118
Content-Type: application/json; charset=utf-8
cache-control: no-cache

01:14:21.216 [AsyncHttpClient-1-8] DEBUG org.asynchttpclient.netty.channel.ChannelManager - Adding key: http://localhost:57162 for channel [id: 0x71b46359, L:/127.0.0.1:54902 - R:localhost/127.0.0.1:57162]
01:14:21.729 [Forwarding findElement on session f66d4f005437434277d193fbb48b359c to remote] DEBUG org.asynchttpclient.netty.request.NettyRequestSender - Using pooled Channel '[id: 0x71b46359, L:/127.0.0.1:54902 - R:localhost/127.0.0.1:57162]' for 'POST' to 'http://localhost:57162/session/f66d4f005437434277d193fbb48b359c/element'
01:14:21.729 [Forwarding findElement on session f66d4f005437434277d193fbb48b359c to remote] DEBUG org.asynchttpclient.netty.request.NettyRequestSender - Using open Channel [id: 0x71b46359, L:/127.0.0.1:54902 - R:localhost/127.0.0.1:57162] for POST '/session/f66d4f005437434277d193fbb48b359c/element'
01:14:21.739 [AsyncHttpClient-1-8] DEBUG org.asynchttpclient.netty.handler.HttpHandler - 

Request DefaultHttpRequest(decodeResult: success, version: HTTP/1.1)
POST /session/f66d4f005437434277d193fbb48b359c/element HTTP/1.1
User-Agent: selenium/4.1.4 (java windows)
Content-Length: 139
Content-Type: application/json; charset=utf-8
host: localhost:57162
accept: */*

Response DefaultHttpResponse(decodeResult: success, version: HTTP/1.1)
HTTP/1.1 404 Not Found
Content-Length: 1118
Content-Type: application/json; charset=utf-8
cache-control: no-cache

01:14:21.740 [AsyncHttpClient-1-8] DEBUG org.asynchttpclient.netty.channel.ChannelManager - Adding key: http://localhost:57162 for channel [id: 0x71b46359, L:/127.0.0.1:54902 - R:localhost/127.0.0.1:57162]
01:14:22.039 [AsyncHttpClient-1-1] DEBUG org.asynchttpclient.netty.channel.DefaultChannelPool - Entry count for : http://localhost:57162 : 1
01:14:22.039 [AsyncHttpClient-1-1] DEBUG org.asynchttpclient.netty.channel.DefaultChannelPool - Entry count for : http://localhost:54907 : 1
01:14:22.253 [Forwarding findElement on session f66d4f005437434277d193fbb48b359c to remote] DEBUG org.asynchttpclient.netty.request.NettyRequestSender - Using pooled Channel '[id: 0x71b46359, L:/127.0.0.1:54902 - R:localhost/127.0.0.1:57162]' for 'POST' to 'http://localhost:57162/session/f66d4f005437434277d193fbb48b359c/element'
01:14:22.254 [Forwarding findElement on session f66d4f005437434277d193fbb48b359c to remote] DEBUG org.asynchttpclient.netty.request.NettyRequestSender - Using open Channel [id: 0x71b46359, L:/127.0.0.1:54902 - R:localhost/127.0.0.1:57162] for POST '/session/f66d4f005437434277d193fbb48b359c/element'
01:14:22.262 [AsyncHttpClient-1-8] DEBUG org.asynchttpclient.netty.handler.HttpHandler - 

Request DefaultHttpRequest(decodeResult: success, version: HTTP/1.1)
POST /session/f66d4f005437434277d193fbb48b359c/element HTTP/1.1
User-Agent: selenium/4.1.4 (java windows)
Content-Length: 139
Content-Type: application/json; charset=utf-8
host: localhost:57162
accept: */*

Response DefaultHttpResponse(decodeResult: success, version: HTTP/1.1)
HTTP/1.1 404 Not Found
Content-Length: 1118
Content-Type: application/json; charset=utf-8
cache-control: no-cache

01:14:22.262 [AsyncHttpClient-1-8] DEBUG org.asynchttpclient.netty.channel.ChannelManager - Adding key: http://localhost:57162 for channel [id: 0x71b46359, L:/127.0.0.1:54902 - R:localhost/127.0.0.1:57162]
01:14:22.767 [Forwarding findElement on session f66d4f005437434277d193fbb48b359c to remote] DEBUG org.asynchttpclient.netty.request.NettyRequestSender - Using pooled Channel '[id: 0x71b46359, L:/127.0.0.1:54902 - R:localhost/127.0.0.1:57162]' for 'POST' to 'http://localhost:57162/session/f66d4f005437434277d193fbb48b359c/element'
01:14:22.767 [Forwarding findElement on session f66d4f005437434277d193fbb48b359c to remote] DEBUG org.asynchttpclient.netty.request.NettyRequestSender - Using open Channel [id: 0x71b46359, L:/127.0.0.1:54902 - R:localhost/127.0.0.1:57162] for POST '/session/f66d4f005437434277d193fbb48b359c/element'
01:14:22.773 [AsyncHttpClient-1-8] DEBUG org.asynchttpclient.netty.handler.HttpHandler - 

Request DefaultHttpRequest(decodeResult: success, version: HTTP/1.1)
POST /session/f66d4f005437434277d193fbb48b359c/element HTTP/1.1
User-Agent: selenium/4.1.4 (java windows)
Content-Length: 139
Content-Type: application/json; charset=utf-8
host: localhost:57162
accept: */*

Response DefaultHttpResponse(decodeResult: success, version: HTTP/1.1)
HTTP/1.1 404 Not Found
Content-Length: 1118
Content-Type: application/json; charset=utf-8
cache-control: no-cache

01:14:22.773 [AsyncHttpClient-1-8] DEBUG org.asynchttpclient.netty.channel.ChannelManager - Adding key: http://localhost:57162 for channel [id: 0x71b46359, L:/127.0.0.1:54902 - R:localhost/127.0.0.1:57162]
01:14:23.142 [AsyncHttpClient-1-1] DEBUG org.asynchttpclient.netty.channel.DefaultChannelPool - Entry count for : http://localhost:57162 : 1
01:14:23.143 [AsyncHttpClient-1-1] DEBUG org.asynchttpclient.netty.channel.DefaultChannelPool - Entry count for : http://localhost:54907 : 1
01:14:23.277 [Forwarding findElement on session f66d4f005437434277d193fbb48b359c to remote] DEBUG org.asynchttpclient.netty.request.NettyRequestSender - Using pooled Channel '[id: 0x71b46359, L:/127.0.0.1:54902 - R:localhost/127.0.0.1:57162]' for 'POST' to 'http://localhost:57162/session/f66d4f005437434277d193fbb48b359c/element'
01:14:23.277 [Forwarding findElement on session f66d4f005437434277d193fbb48b359c to remote] DEBUG org.asynchttpclient.netty.request.NettyRequestSender - Using open Channel [id: 0x71b46359, L:/127.0.0.1:54902 - R:localhost/127.0.0.1:57162] for POST '/session/f66d4f005437434277d193fbb48b359c/element'
01:14:23.283 [AsyncHttpClient-1-8] DEBUG org.asynchttpclient.netty.handler.HttpHandler - 

Request DefaultHttpRequest(decodeResult: success, version: HTTP/1.1)
POST /session/f66d4f005437434277d193fbb48b359c/element HTTP/1.1
User-Agent: selenium/4.1.4 (java windows)
Content-Length: 139
Content-Type: application/json; charset=utf-8
host: localhost:57162
accept: */*

Response DefaultHttpResponse(decodeResult: success, version: HTTP/1.1)
HTTP/1.1 404 Not Found
Content-Length: 1118
Content-Type: application/json; charset=utf-8
cache-control: no-cache

01:14:23.284 [AsyncHttpClient-1-8] DEBUG org.asynchttpclient.netty.channel.ChannelManager - Adding key: http://localhost:57162 for channel [id: 0x71b46359, L:/127.0.0.1:54902 - R:localhost/127.0.0.1:57162]
01:14:23.803 [Forwarding findElement on session f66d4f005437434277d193fbb48b359c to remote] DEBUG org.asynchttpclient.netty.request.NettyRequestSender - Using pooled Channel '[id: 0x71b46359, L:/127.0.0.1:54902 - R:localhost/127.0.0.1:57162]' for 'POST' to 'http://localhost:57162/session/f66d4f005437434277d193fbb48b359c/element'
01:14:23.803 [Forwarding findElement on session f66d4f005437434277d193fbb48b359c to remote] DEBUG org.asynchttpclient.netty.request.NettyRequestSender - Using open Channel [id: 0x71b46359, L:/127.0.0.1:54902 - R:localhost/127.0.0.1:57162] for POST '/session/f66d4f005437434277d193fbb48b359c/element'
01:14:23.831 [AsyncHttpClient-1-8] DEBUG org.asynchttpclient.netty.handler.HttpHandler - 

Request DefaultHttpRequest(decodeResult: success, version: HTTP/1.1)
POST /session/f66d4f005437434277d193fbb48b359c/element HTTP/1.1
User-Agent: selenium/4.1.4 (java windows)
Content-Length: 139
Content-Type: application/json; charset=utf-8
host: localhost:57162
accept: */*

Response DefaultHttpResponse(decodeResult: success, version: HTTP/1.1)
HTTP/1.1 404 Not Found
Content-Length: 1118
Content-Type: application/json; charset=utf-8
cache-control: no-cache

01:14:23.831 [AsyncHttpClient-1-8] DEBUG org.asynchttpclient.netty.channel.ChannelManager - Adding key: http://localhost:57162 for channel [id: 0x71b46359, L:/127.0.0.1:54902 - R:localhost/127.0.0.1:57162]
01:14:24.241 [AsyncHttpClient-1-1] DEBUG org.asynchttpclient.netty.channel.DefaultChannelPool - Entry count for : http://localhost:57162 : 1
01:14:24.241 [AsyncHttpClient-1-1] DEBUG org.asynchttpclient.netty.channel.DefaultChannelPool - Entry count for : http://localhost:54907 : 1
01:14:24.335 [Forwarding findElement on session f66d4f005437434277d193fbb48b359c to remote] DEBUG org.asynchttpclient.netty.request.NettyRequestSender - Using pooled Channel '[id: 0x71b46359, L:/127.0.0.1:54902 - R:localhost/127.0.0.1:57162]' for 'POST' to 'http://localhost:57162/session/f66d4f005437434277d193fbb48b359c/element'
01:14:24.335 [Forwarding findElement on session f66d4f005437434277d193fbb48b359c to remote] DEBUG org.asynchttpclient.netty.request.NettyRequestSender - Using open Channel [id: 0x71b46359, L:/127.0.0.1:54902 - R:localhost/127.0.0.1:57162] for POST '/session/f66d4f005437434277d193fbb48b359c/element'
01:14:24.351 [AsyncHttpClient-1-8] DEBUG org.asynchttpclient.netty.handler.HttpHandler - 

Request DefaultHttpRequest(decodeResult: success, version: HTTP/1.1)
POST /session/f66d4f005437434277d193fbb48b359c/element HTTP/1.1
User-Agent: selenium/4.1.4 (java windows)
Content-Length: 139
Content-Type: application/json; charset=utf-8
host: localhost:57162
accept: */*

Response DefaultHttpResponse(decodeResult: success, version: HTTP/1.1)
HTTP/1.1 404 Not Found
Content-Length: 1118
Content-Type: application/json; charset=utf-8
cache-control: no-cache

01:14:24.351 [AsyncHttpClient-1-8] DEBUG org.asynchttpclient.netty.channel.ChannelManager - Adding key: http://localhost:57162 for channel [id: 0x71b46359, L:/127.0.0.1:54902 - R:localhost/127.0.0.1:57162]
01:14:24.868 [Forwarding findElement on session f66d4f005437434277d193fbb48b359c to remote] DEBUG org.asynchttpclient.netty.request.NettyRequestSender - Using pooled Channel '[id: 0x71b46359, L:/127.0.0.1:54902 - R:localhost/127.0.0.1:57162]' for 'POST' to 'http://localhost:57162/session/f66d4f005437434277d193fbb48b359c/element'
01:14:24.869 [Forwarding findElement on session f66d4f005437434277d193fbb48b359c to remote] DEBUG org.asynchttpclient.netty.request.NettyRequestSender - Using open Channel [id: 0x71b46359, L:/127.0.0.1:54902 - R:localhost/127.0.0.1:57162] for POST '/session/f66d4f005437434277d193fbb48b359c/element'
01:14:24.877 [AsyncHttpClient-1-8] DEBUG org.asynchttpclient.netty.handler.HttpHandler - 

Request DefaultHttpRequest(decodeResult: success, version: HTTP/1.1)
POST /session/f66d4f005437434277d193fbb48b359c/element HTTP/1.1
User-Agent: selenium/4.1.4 (java windows)
Content-Length: 139
Content-Type: application/json; charset=utf-8
host: localhost:57162
accept: */*

Response DefaultHttpResponse(decodeResult: success, version: HTTP/1.1)
HTTP/1.1 404 Not Found
Content-Length: 1118
Content-Type: application/json; charset=utf-8
cache-control: no-cache

01:14:24.877 [AsyncHttpClient-1-8] DEBUG org.asynchttpclient.netty.channel.ChannelManager - Adding key: http://localhost:57162 for channel [id: 0x71b46359, L:/127.0.0.1:54902 - R:localhost/127.0.0.1:57162]
01:14:25.339 [AsyncHttpClient-1-1] DEBUG org.asynchttpclient.netty.channel.DefaultChannelPool - Entry count for : http://localhost:57162 : 1
01:14:25.339 [AsyncHttpClient-1-1] DEBUG org.asynchttpclient.netty.channel.DefaultChannelPool - Entry count for : http://localhost:54907 : 1
01:14:25.382 [Forwarding findElement on session f66d4f005437434277d193fbb48b359c to remote] DEBUG org.asynchttpclient.netty.request.NettyRequestSender - Using pooled Channel '[id: 0x71b46359, L:/127.0.0.1:54902 - R:localhost/127.0.0.1:57162]' for 'POST' to 'http://localhost:57162/session/f66d4f005437434277d193fbb48b359c/element'
01:14:25.382 [Forwarding findElement on session f66d4f005437434277d193fbb48b359c to remote] DEBUG org.asynchttpclient.netty.request.NettyRequestSender - Using open Channel [id: 0x71b46359, L:/127.0.0.1:54902 - R:localhost/127.0.0.1:57162] for POST '/session/f66d4f005437434277d193fbb48b359c/element'
01:14:25.409 [AsyncHttpClient-1-8] DEBUG org.asynchttpclient.netty.handler.HttpHandler - 

Request DefaultHttpRequest(decodeResult: success, version: HTTP/1.1)
POST /session/f66d4f005437434277d193fbb48b359c/element HTTP/1.1
User-Agent: selenium/4.1.4 (java windows)
Content-Length: 139
Content-Type: application/json; charset=utf-8
host: localhost:57162
accept: */*

Response DefaultHttpResponse(decodeResult: success, version: HTTP/1.1)
HTTP/1.1 404 Not Found
Content-Length: 1118
Content-Type: application/json; charset=utf-8
cache-control: no-cache

01:14:25.409 [AsyncHttpClient-1-8] DEBUG org.asynchttpclient.netty.channel.ChannelManager - Adding key: http://localhost:57162 for channel [id: 0x71b46359, L:/127.0.0.1:54902 - R:localhost/127.0.0.1:57162]
01:14:25.922 [Forwarding findElement on session f66d4f005437434277d193fbb48b359c to remote] DEBUG org.asynchttpclient.netty.request.NettyRequestSender - Using pooled Channel '[id: 0x71b46359, L:/127.0.0.1:54902 - R:localhost/127.0.0.1:57162]' for 'POST' to 'http://localhost:57162/session/f66d4f005437434277d193fbb48b359c/element'
01:14:25.922 [Forwarding findElement on session f66d4f005437434277d193fbb48b359c to remote] DEBUG org.asynchttpclient.netty.request.NettyRequestSender - Using open Channel [id: 0x71b46359, L:/127.0.0.1:54902 - R:localhost/127.0.0.1:57162] for POST '/session/f66d4f005437434277d193fbb48b359c/element'
01:14:25.946 [AsyncHttpClient-1-8] DEBUG org.asynchttpclient.netty.handler.HttpHandler - 

Request DefaultHttpRequest(decodeResult: success, version: HTTP/1.1)
POST /session/f66d4f005437434277d193fbb48b359c/element HTTP/1.1
User-Agent: selenium/4.1.4 (java windows)
Content-Length: 139
Content-Type: application/json; charset=utf-8
host: localhost:57162
accept: */*

Response DefaultHttpResponse(decodeResult: success, version: HTTP/1.1)
HTTP/1.1 404 Not Found
Content-Length: 1118
Content-Type: application/json; charset=utf-8
cache-control: no-cache

01:14:25.946 [AsyncHttpClient-1-8] DEBUG org.asynchttpclient.netty.channel.ChannelManager - Adding key: http://localhost:57162 for channel [id: 0x71b46359, L:/127.0.0.1:54902 - R:localhost/127.0.0.1:57162]
01:14:26.438 [AsyncHttpClient-1-1] DEBUG org.asynchttpclient.netty.channel.DefaultChannelPool - Entry count for : http://localhost:57162 : 1
01:14:26.438 [AsyncHttpClient-1-1] DEBUG org.asynchttpclient.netty.channel.DefaultChannelPool - Entry count for : http://localhost:54907 : 1
01:14:26.454 [Forwarding findElement on session f66d4f005437434277d193fbb48b359c to remote] DEBUG org.asynchttpclient.netty.request.NettyRequestSender - Using pooled Channel '[id: 0x71b46359, L:/127.0.0.1:54902 - R:localhost/127.0.0.1:57162]' for 'POST' to 'http://localhost:57162/session/f66d4f005437434277d193fbb48b359c/element'
01:14:26.454 [Forwarding findElement on session f66d4f005437434277d193fbb48b359c to remote] DEBUG org.asynchttpclient.netty.request.NettyRequestSender - Using open Channel [id: 0x71b46359, L:/127.0.0.1:54902 - R:localhost/127.0.0.1:57162] for POST '/session/f66d4f005437434277d193fbb48b359c/element'
01:14:26.478 [AsyncHttpClient-1-8] DEBUG org.asynchttpclient.netty.handler.HttpHandler - 

Request DefaultHttpRequest(decodeResult: success, version: HTTP/1.1)
POST /session/f66d4f005437434277d193fbb48b359c/element HTTP/1.1
User-Agent: selenium/4.1.4 (java windows)
Content-Length: 139
Content-Type: application/json; charset=utf-8
host: localhost:57162
accept: */*

Response DefaultHttpResponse(decodeResult: success, version: HTTP/1.1)
HTTP/1.1 404 Not Found
Content-Length: 1118
Content-Type: application/json; charset=utf-8
cache-control: no-cache

01:14:26.479 [AsyncHttpClient-1-8] DEBUG org.asynchttpclient.netty.channel.ChannelManager - Adding key: http://localhost:57162 for channel [id: 0x71b46359, L:/127.0.0.1:54902 - R:localhost/127.0.0.1:57162]
01:14:26.998 [Forwarding findElement on session f66d4f005437434277d193fbb48b359c to remote] DEBUG org.asynchttpclient.netty.request.NettyRequestSender - Using pooled Channel '[id: 0x71b46359, L:/127.0.0.1:54902 - R:localhost/127.0.0.1:57162]' for 'POST' to 'http://localhost:57162/session/f66d4f005437434277d193fbb48b359c/element'
01:14:26.998 [Forwarding findElement on session f66d4f005437434277d193fbb48b359c to remote] DEBUG org.asynchttpclient.netty.request.NettyRequestSender - Using open Channel [id: 0x71b46359, L:/127.0.0.1:54902 - R:localhost/127.0.0.1:57162] for POST '/session/f66d4f005437434277d193fbb48b359c/element'
01:14:27.024 [AsyncHttpClient-1-8] DEBUG org.asynchttpclient.netty.handler.HttpHandler - 

Request DefaultHttpRequest(decodeResult: success, version: HTTP/1.1)
POST /session/f66d4f005437434277d193fbb48b359c/element HTTP/1.1
User-Agent: selenium/4.1.4 (java windows)
Content-Length: 139
Content-Type: application/json; charset=utf-8
host: localhost:57162
accept: */*

Response DefaultHttpResponse(decodeResult: success, version: HTTP/1.1)
HTTP/1.1 404 Not Found
Content-Length: 1118
Content-Type: application/json; charset=utf-8
cache-control: no-cache

01:14:27.025 [AsyncHttpClient-1-8] DEBUG org.asynchttpclient.netty.channel.ChannelManager - Adding key: http://localhost:57162 for channel [id: 0x71b46359, L:/127.0.0.1:54902 - R:localhost/127.0.0.1:57162]
01:14:27.036 [AsyncHttpClient-1-2] DEBUG org.asynchttpclient.netty.handler.WebSocketHandler - Channel Closed: [id: 0x9ef009cc, L:/127.0.0.1:54921 ! R:localhost/127.0.0.1:54907] with attribute DISCARD
01:14:27.038 [Driver Command Executor] DEBUG org.asynchttpclient.netty.request.NettyRequestSender - Using pooled Channel '[id: 0x71b46359, L:/127.0.0.1:54902 - R:localhost/127.0.0.1:57162]' for 'DELETE' to 'http://localhost:57162/session/f66d4f005437434277d193fbb48b359c'
01:14:27.038 [Driver Command Executor] DEBUG org.asynchttpclient.netty.request.NettyRequestSender - Using open Channel [id: 0x71b46359, L:/127.0.0.1:54902 - R:localhost/127.0.0.1:57162] for DELETE '/session/f66d4f005437434277d193fbb48b359c'
01:14:27.102 [AsyncHttpClient-1-9] DEBUG org.asynchttpclient.netty.handler.HttpHandler - Channel Closed: [id: 0x578661f3, L:/127.0.0.1:54920 ! R:localhost/127.0.0.1:54907] with attribute DISCARD
01:14:27.283 [AsyncHttpClient-1-8] DEBUG org.asynchttpclient.netty.handler.HttpHandler - 

Request DefaultFullHttpRequest(decodeResult: success, version: HTTP/1.1, content: EmptyByteBufBE)
DELETE /session/f66d4f005437434277d193fbb48b359c HTTP/1.1
User-Agent: selenium/4.1.4 (java windows)
Content-Type: application/json; charset=utf-8
host: localhost:57162
accept: */*

Response DefaultHttpResponse(decodeResult: success, version: HTTP/1.1)
HTTP/1.1 200 OK
Content-Length: 14
Content-Type: application/json; charset=utf-8
cache-control: no-cache

01:14:27.283 [AsyncHttpClient-1-8] DEBUG org.asynchttpclient.netty.channel.ChannelManager - Adding key: http://localhost:57162 for channel [id: 0x71b46359, L:/127.0.0.1:54902 - R:localhost/127.0.0.1:57162]
01:14:27.314 [AsyncHttpClient-1-8] DEBUG org.asynchttpclient.netty.handler.HttpHandler - Channel Closed: [id: 0x71b46359, L:/127.0.0.1:54902 ! R:localhost/127.0.0.1:57162] with attribute DISCARD
]]></system-out>
    <system-err><![CDATA[Starting ChromeDriver 134.0.6998.165 (fd886e2cb29dd984c13deec032832dee68d8abe3-refs/branch-heads/6998@{#2122}) on port 57162
Only local connections are allowed.
Please see https://chromedriver.chromium.org/security-considerations for suggestions on keeping ChromeDriver safe.
ChromeDriver was started successfully on port 57162.
Mar 25, 2025 1:14:11 A.M. org.openqa.selenium.remote.ProtocolHandshake createSession
INFO: Detected dialect: W3C
Mar 25, 2025 1:14:11 A.M. org.openqa.selenium.devtools.CdpVersionFinder findNearestMatch
WARNING: Unable to find an exact match for CDP version 134, so returning the closest version found: a no-op implementation
Mar 25, 2025 1:14:11 A.M. org.openqa.selenium.devtools.CdpVersionFinder findNearestMatch
INFO: Unable to find CDP implementation matching 134.
Mar 25, 2025 1:14:11 A.M. org.openqa.selenium.chromium.ChromiumDriver lambda$new$3
WARNING: Unable to find version of CDP to use for . You may need to include a dependency on a specific version of the CDP using something similar to `org.seleniumhq.selenium:selenium-devtools-v86:4.1.4` where the version ("v86") matches the version of the chromium-based browser you're using and the version number of the artifact is the same as Selenium's.
]]></system-err>
  </testcase>
</testsuite>